ARM GAS  C:\Users\Student\AppData\Local\Temp\ccZXrfl9.s 			page 1


   1              		.cpu cortex-m4
   2              		.eabi_attribute 27, 1
   3              		.eabi_attribute 28, 1
   4              		.eabi_attribute 20, 1
   5              		.eabi_attribute 21, 1
   6              		.eabi_attribute 23, 3
   7              		.eabi_attribute 24, 1
   8              		.eabi_attribute 25, 1
   9              		.eabi_attribute 26, 1
  10              		.eabi_attribute 30, 1
  11              		.eabi_attribute 34, 1
  12              		.eabi_attribute 18, 4
  13              		.file	"stm32f4xx_hal_msp.c"
  14              		.text
  15              	.Ltext0:
  16              		.cfi_sections	.debug_frame
  17              		.section	.text.HAL_MspInit,"ax",%progbits
  18              		.align	1
  19              		.global	HAL_MspInit
  20              		.syntax unified
  21              		.thumb
  22              		.thumb_func
  23              		.fpu fpv4-sp-d16
  25              	HAL_MspInit:
  26              	.LFB124:
  27              		.file 1 "Src/stm32f4xx_hal_msp.c"
   1:Src/stm32f4xx_hal_msp.c **** /**
   2:Src/stm32f4xx_hal_msp.c ****   ******************************************************************************
   3:Src/stm32f4xx_hal_msp.c ****   * File Name          : stm32f4xx_hal_msp.c
   4:Src/stm32f4xx_hal_msp.c ****   * Description        : This file provides code for the MSP Initialization 
   5:Src/stm32f4xx_hal_msp.c ****   *                      and de-Initialization codes.
   6:Src/stm32f4xx_hal_msp.c ****   ******************************************************************************
   7:Src/stm32f4xx_hal_msp.c ****   * This notice applies to any and all portions of this file
   8:Src/stm32f4xx_hal_msp.c ****   * that are not between comment pairs USER CODE BEGIN and
   9:Src/stm32f4xx_hal_msp.c ****   * USER CODE END. Other portions of this file, whether 
  10:Src/stm32f4xx_hal_msp.c ****   * inserted by the user or by software development tools
  11:Src/stm32f4xx_hal_msp.c ****   * are owned by their respective copyright owners.
  12:Src/stm32f4xx_hal_msp.c ****   *
  13:Src/stm32f4xx_hal_msp.c ****   * Copyright (c) 2017 STMicroelectronics International N.V. 
  14:Src/stm32f4xx_hal_msp.c ****   * All rights reserved.
  15:Src/stm32f4xx_hal_msp.c ****   *
  16:Src/stm32f4xx_hal_msp.c ****   * Redistribution and use in source and binary forms, with or without 
  17:Src/stm32f4xx_hal_msp.c ****   * modification, are permitted, provided that the following conditions are met:
  18:Src/stm32f4xx_hal_msp.c ****   *
  19:Src/stm32f4xx_hal_msp.c ****   * 1. Redistribution of source code must retain the above copyright notice, 
  20:Src/stm32f4xx_hal_msp.c ****   *    this list of conditions and the following disclaimer.
  21:Src/stm32f4xx_hal_msp.c ****   * 2. Redistributions in binary form must reproduce the above copyright notice,
  22:Src/stm32f4xx_hal_msp.c ****   *    this list of conditions and the following disclaimer in the documentation
  23:Src/stm32f4xx_hal_msp.c ****   *    and/or other materials provided with the distribution.
  24:Src/stm32f4xx_hal_msp.c ****   * 3. Neither the name of STMicroelectronics nor the names of other 
  25:Src/stm32f4xx_hal_msp.c ****   *    contributors to this software may be used to endorse or promote products 
  26:Src/stm32f4xx_hal_msp.c ****   *    derived from this software without specific written permission.
  27:Src/stm32f4xx_hal_msp.c ****   * 4. This software, including modifications and/or derivative works of this 
  28:Src/stm32f4xx_hal_msp.c ****   *    software, must execute solely and exclusively on microcontroller or
  29:Src/stm32f4xx_hal_msp.c ****   *    microprocessor devices manufactured by or for STMicroelectronics.
  30:Src/stm32f4xx_hal_msp.c ****   * 5. Redistribution and use of this software other than as permitted under 
  31:Src/stm32f4xx_hal_msp.c ****   *    this license is void and will automatically terminate your rights under 
ARM GAS  C:\Users\Student\AppData\Local\Temp\ccZXrfl9.s 			page 2


  32:Src/stm32f4xx_hal_msp.c ****   *    this license. 
  33:Src/stm32f4xx_hal_msp.c ****   *
  34:Src/stm32f4xx_hal_msp.c ****   * THIS SOFTWARE IS PROVIDED BY STMICROELECTRONICS AND CONTRIBUTORS "AS IS" 
  35:Src/stm32f4xx_hal_msp.c ****   * AND ANY EXPRESS, IMPLIED OR STATUTORY WARRANTIES, INCLUDING, BUT NOT 
  36:Src/stm32f4xx_hal_msp.c ****   * LIMITED TO, THE IMPLIED WARRANTIES OF MERCHANTABILITY, FITNESS FOR A 
  37:Src/stm32f4xx_hal_msp.c ****   * PARTICULAR PURPOSE AND NON-INFRINGEMENT OF THIRD PARTY INTELLECTUAL PROPERTY
  38:Src/stm32f4xx_hal_msp.c ****   * RIGHTS ARE DISCLAIMED TO THE FULLEST EXTENT PERMITTED BY LAW. IN NO EVENT 
  39:Src/stm32f4xx_hal_msp.c ****   * SHALL STMICROELECTRONICS OR CONTRIBUTORS BE LIABLE FOR ANY DIRECT, INDIRECT,
  40:Src/stm32f4xx_hal_msp.c ****   * INCIDENTAL, SPECIAL, EXEMPLARY, OR CONSEQUENTIAL DAMAGES (INCLUDING, BUT NOT
  41:Src/stm32f4xx_hal_msp.c ****   * LIMITED TO, PROCUREMENT OF SUBSTITUTE GOODS OR SERVICES; LOSS OF USE, DATA, 
  42:Src/stm32f4xx_hal_msp.c ****   * OR PROFITS; OR BUSINESS INTERRUPTION) HOWEVER CAUSED AND ON ANY THEORY OF 
  43:Src/stm32f4xx_hal_msp.c ****   * LIABILITY, WHETHER IN CONTRACT, STRICT LIABILITY, OR TORT (INCLUDING 
  44:Src/stm32f4xx_hal_msp.c ****   * NEGLIGENCE OR OTHERWISE) ARISING IN ANY WAY OUT OF THE USE OF THIS SOFTWARE,
  45:Src/stm32f4xx_hal_msp.c ****   * EVEN IF ADVISED OF THE POSSIBILITY OF SUCH DAMAGE.
  46:Src/stm32f4xx_hal_msp.c ****   *
  47:Src/stm32f4xx_hal_msp.c ****   ******************************************************************************
  48:Src/stm32f4xx_hal_msp.c ****   */
  49:Src/stm32f4xx_hal_msp.c **** /* Includes ------------------------------------------------------------------*/
  50:Src/stm32f4xx_hal_msp.c **** #include "stm32f4xx_hal.h"
  51:Src/stm32f4xx_hal_msp.c **** 
  52:Src/stm32f4xx_hal_msp.c **** extern void _Error_Handler(char *, int);
  53:Src/stm32f4xx_hal_msp.c **** /* USER CODE BEGIN 0 */
  54:Src/stm32f4xx_hal_msp.c **** 
  55:Src/stm32f4xx_hal_msp.c **** /* USER CODE END 0 */
  56:Src/stm32f4xx_hal_msp.c **** /**
  57:Src/stm32f4xx_hal_msp.c ****   * Initializes the Global MSP.
  58:Src/stm32f4xx_hal_msp.c ****   */
  59:Src/stm32f4xx_hal_msp.c **** void HAL_MspInit(void)
  60:Src/stm32f4xx_hal_msp.c **** {
  28              		.loc 1 60 0
  29              		.cfi_startproc
  30              		@ args = 0, pretend = 0, frame = 0
  31              		@ frame_needed = 0, uses_anonymous_args = 0
  32 0000 08B5     		push	{r3, lr}
  33              	.LCFI0:
  34              		.cfi_def_cfa_offset 8
  35              		.cfi_offset 3, -8
  36              		.cfi_offset 14, -4
  61:Src/stm32f4xx_hal_msp.c ****   /* USER CODE BEGIN MspInit 0 */
  62:Src/stm32f4xx_hal_msp.c **** 
  63:Src/stm32f4xx_hal_msp.c ****   /* USER CODE END MspInit 0 */
  64:Src/stm32f4xx_hal_msp.c **** 
  65:Src/stm32f4xx_hal_msp.c ****   HAL_NVIC_SetPriorityGrouping(NVIC_PRIORITYGROUP_4);
  37              		.loc 1 65 0
  38 0002 0320     		movs	r0, #3
  39 0004 FFF7FEFF 		bl	HAL_NVIC_SetPriorityGrouping
  40              	.LVL0:
  66:Src/stm32f4xx_hal_msp.c **** 
  67:Src/stm32f4xx_hal_msp.c ****   /* System interrupt init*/
  68:Src/stm32f4xx_hal_msp.c ****   /* MemoryManagement_IRQn interrupt configuration */
  69:Src/stm32f4xx_hal_msp.c ****   HAL_NVIC_SetPriority(MemoryManagement_IRQn, 0, 0);
  41              		.loc 1 69 0
  42 0008 0022     		movs	r2, #0
  43 000a 1146     		mov	r1, r2
  44 000c 6FF00B00 		mvn	r0, #11
  45 0010 FFF7FEFF 		bl	HAL_NVIC_SetPriority
  46              	.LVL1:
ARM GAS  C:\Users\Student\AppData\Local\Temp\ccZXrfl9.s 			page 3


  70:Src/stm32f4xx_hal_msp.c ****   /* BusFault_IRQn interrupt configuration */
  71:Src/stm32f4xx_hal_msp.c ****   HAL_NVIC_SetPriority(BusFault_IRQn, 0, 0);
  47              		.loc 1 71 0
  48 0014 0022     		movs	r2, #0
  49 0016 1146     		mov	r1, r2
  50 0018 6FF00A00 		mvn	r0, #10
  51 001c FFF7FEFF 		bl	HAL_NVIC_SetPriority
  52              	.LVL2:
  72:Src/stm32f4xx_hal_msp.c ****   /* UsageFault_IRQn interrupt configuration */
  73:Src/stm32f4xx_hal_msp.c ****   HAL_NVIC_SetPriority(UsageFault_IRQn, 0, 0);
  53              		.loc 1 73 0
  54 0020 0022     		movs	r2, #0
  55 0022 1146     		mov	r1, r2
  56 0024 6FF00900 		mvn	r0, #9
  57 0028 FFF7FEFF 		bl	HAL_NVIC_SetPriority
  58              	.LVL3:
  74:Src/stm32f4xx_hal_msp.c ****   /* SVCall_IRQn interrupt configuration */
  75:Src/stm32f4xx_hal_msp.c ****   HAL_NVIC_SetPriority(SVCall_IRQn, 0, 0);
  59              		.loc 1 75 0
  60 002c 0022     		movs	r2, #0
  61 002e 1146     		mov	r1, r2
  62 0030 6FF00400 		mvn	r0, #4
  63 0034 FFF7FEFF 		bl	HAL_NVIC_SetPriority
  64              	.LVL4:
  76:Src/stm32f4xx_hal_msp.c ****   /* DebugMonitor_IRQn interrupt configuration */
  77:Src/stm32f4xx_hal_msp.c ****   HAL_NVIC_SetPriority(DebugMonitor_IRQn, 0, 0);
  65              		.loc 1 77 0
  66 0038 0022     		movs	r2, #0
  67 003a 1146     		mov	r1, r2
  68 003c 6FF00300 		mvn	r0, #3
  69 0040 FFF7FEFF 		bl	HAL_NVIC_SetPriority
  70              	.LVL5:
  78:Src/stm32f4xx_hal_msp.c ****   /* PendSV_IRQn interrupt configuration */
  79:Src/stm32f4xx_hal_msp.c ****   HAL_NVIC_SetPriority(PendSV_IRQn, 15, 0);
  71              		.loc 1 79 0
  72 0044 0022     		movs	r2, #0
  73 0046 0F21     		movs	r1, #15
  74 0048 6FF00100 		mvn	r0, #1
  75 004c FFF7FEFF 		bl	HAL_NVIC_SetPriority
  76              	.LVL6:
  80:Src/stm32f4xx_hal_msp.c ****   /* SysTick_IRQn interrupt configuration */
  81:Src/stm32f4xx_hal_msp.c ****   HAL_NVIC_SetPriority(SysTick_IRQn, 15, 0);
  77              		.loc 1 81 0
  78 0050 0022     		movs	r2, #0
  79 0052 0F21     		movs	r1, #15
  80 0054 4FF0FF30 		mov	r0, #-1
  81 0058 FFF7FEFF 		bl	HAL_NVIC_SetPriority
  82              	.LVL7:
  83 005c 08BD     		pop	{r3, pc}
  84              		.cfi_endproc
  85              	.LFE124:
  87              		.section	.text.HAL_I2S_MspInit,"ax",%progbits
  88              		.align	1
  89              		.global	HAL_I2S_MspInit
  90              		.syntax unified
  91              		.thumb
  92              		.thumb_func
ARM GAS  C:\Users\Student\AppData\Local\Temp\ccZXrfl9.s 			page 4


  93              		.fpu fpv4-sp-d16
  95              	HAL_I2S_MspInit:
  96              	.LFB125:
  82:Src/stm32f4xx_hal_msp.c **** 
  83:Src/stm32f4xx_hal_msp.c ****   /* USER CODE BEGIN MspInit 1 */
  84:Src/stm32f4xx_hal_msp.c **** 
  85:Src/stm32f4xx_hal_msp.c ****   /* USER CODE END MspInit 1 */
  86:Src/stm32f4xx_hal_msp.c **** }
  87:Src/stm32f4xx_hal_msp.c **** 
  88:Src/stm32f4xx_hal_msp.c **** void HAL_I2S_MspInit(I2S_HandleTypeDef* hi2s)
  89:Src/stm32f4xx_hal_msp.c **** {
  97              		.loc 1 89 0
  98              		.cfi_startproc
  99              		@ args = 0, pretend = 0, frame = 32
 100              		@ frame_needed = 0, uses_anonymous_args = 0
 101              	.LVL8:
 102 0000 70B5     		push	{r4, r5, r6, lr}
 103              	.LCFI1:
 104              		.cfi_def_cfa_offset 16
 105              		.cfi_offset 4, -16
 106              		.cfi_offset 5, -12
 107              		.cfi_offset 6, -8
 108              		.cfi_offset 14, -4
 109 0002 88B0     		sub	sp, sp, #32
 110              	.LCFI2:
 111              		.cfi_def_cfa_offset 48
  90:Src/stm32f4xx_hal_msp.c **** 
  91:Src/stm32f4xx_hal_msp.c ****   GPIO_InitTypeDef GPIO_InitStruct;
  92:Src/stm32f4xx_hal_msp.c ****   if(hi2s->Instance==SPI2)
 112              		.loc 1 92 0
 113 0004 0368     		ldr	r3, [r0]
 114 0006 284A     		ldr	r2, .L9
 115 0008 9342     		cmp	r3, r2
 116 000a 04D0     		beq	.L7
  93:Src/stm32f4xx_hal_msp.c ****   {
  94:Src/stm32f4xx_hal_msp.c ****   /* USER CODE BEGIN SPI2_MspInit 0 */
  95:Src/stm32f4xx_hal_msp.c **** 
  96:Src/stm32f4xx_hal_msp.c ****   /* USER CODE END SPI2_MspInit 0 */
  97:Src/stm32f4xx_hal_msp.c ****     /* Peripheral clock enable */
  98:Src/stm32f4xx_hal_msp.c ****     __HAL_RCC_SPI2_CLK_ENABLE();
  99:Src/stm32f4xx_hal_msp.c ****   
 100:Src/stm32f4xx_hal_msp.c ****     /**I2S2 GPIO Configuration    
 101:Src/stm32f4xx_hal_msp.c ****     PC3     ------> I2S2_SD
 102:Src/stm32f4xx_hal_msp.c ****     PB10     ------> I2S2_CK
 103:Src/stm32f4xx_hal_msp.c ****     PB12     ------> I2S2_WS 
 104:Src/stm32f4xx_hal_msp.c ****     */
 105:Src/stm32f4xx_hal_msp.c ****     GPIO_InitStruct.Pin = PDM_OUT_Pin;
 106:Src/stm32f4xx_hal_msp.c ****     GPIO_InitStruct.Mode = GPIO_MODE_AF_PP;
 107:Src/stm32f4xx_hal_msp.c ****     GPIO_InitStruct.Pull = GPIO_NOPULL;
 108:Src/stm32f4xx_hal_msp.c ****     GPIO_InitStruct.Speed = GPIO_SPEED_FREQ_LOW;
 109:Src/stm32f4xx_hal_msp.c ****     GPIO_InitStruct.Alternate = GPIO_AF5_SPI2;
 110:Src/stm32f4xx_hal_msp.c ****     HAL_GPIO_Init(PDM_OUT_GPIO_Port, &GPIO_InitStruct);
 111:Src/stm32f4xx_hal_msp.c **** 
 112:Src/stm32f4xx_hal_msp.c ****     GPIO_InitStruct.Pin = CLK_IN_Pin|GPIO_PIN_12;
 113:Src/stm32f4xx_hal_msp.c ****     GPIO_InitStruct.Mode = GPIO_MODE_AF_PP;
 114:Src/stm32f4xx_hal_msp.c ****     GPIO_InitStruct.Pull = GPIO_NOPULL;
 115:Src/stm32f4xx_hal_msp.c ****     GPIO_InitStruct.Speed = GPIO_SPEED_FREQ_LOW;
ARM GAS  C:\Users\Student\AppData\Local\Temp\ccZXrfl9.s 			page 5


 116:Src/stm32f4xx_hal_msp.c ****     GPIO_InitStruct.Alternate = GPIO_AF5_SPI2;
 117:Src/stm32f4xx_hal_msp.c ****     HAL_GPIO_Init(GPIOB, &GPIO_InitStruct);
 118:Src/stm32f4xx_hal_msp.c **** 
 119:Src/stm32f4xx_hal_msp.c ****   /* USER CODE BEGIN SPI2_MspInit 1 */
 120:Src/stm32f4xx_hal_msp.c **** 
 121:Src/stm32f4xx_hal_msp.c ****   /* USER CODE END SPI2_MspInit 1 */
 122:Src/stm32f4xx_hal_msp.c ****   }
 123:Src/stm32f4xx_hal_msp.c ****   else if(hi2s->Instance==SPI3)
 117              		.loc 1 123 0
 118 000c 274A     		ldr	r2, .L9+4
 119 000e 9342     		cmp	r3, r2
 120 0010 25D0     		beq	.L8
 121              	.LVL9:
 122              	.L3:
 124:Src/stm32f4xx_hal_msp.c ****   {
 125:Src/stm32f4xx_hal_msp.c ****   /* USER CODE BEGIN SPI3_MspInit 0 */
 126:Src/stm32f4xx_hal_msp.c **** 
 127:Src/stm32f4xx_hal_msp.c ****   /* USER CODE END SPI3_MspInit 0 */
 128:Src/stm32f4xx_hal_msp.c ****     /* Peripheral clock enable */
 129:Src/stm32f4xx_hal_msp.c ****     __HAL_RCC_SPI3_CLK_ENABLE();
 130:Src/stm32f4xx_hal_msp.c ****   
 131:Src/stm32f4xx_hal_msp.c ****     /**I2S3 GPIO Configuration    
 132:Src/stm32f4xx_hal_msp.c ****     PA4     ------> I2S3_WS
 133:Src/stm32f4xx_hal_msp.c ****     PC7     ------> I2S3_MCK
 134:Src/stm32f4xx_hal_msp.c ****     PC10     ------> I2S3_CK
 135:Src/stm32f4xx_hal_msp.c ****     PC12     ------> I2S3_SD 
 136:Src/stm32f4xx_hal_msp.c ****     */
 137:Src/stm32f4xx_hal_msp.c ****     GPIO_InitStruct.Pin = I2S3_WS_Pin;
 138:Src/stm32f4xx_hal_msp.c ****     GPIO_InitStruct.Mode = GPIO_MODE_AF_PP;
 139:Src/stm32f4xx_hal_msp.c ****     GPIO_InitStruct.Pull = GPIO_NOPULL;
 140:Src/stm32f4xx_hal_msp.c ****     GPIO_InitStruct.Speed = GPIO_SPEED_FREQ_LOW;
 141:Src/stm32f4xx_hal_msp.c ****     GPIO_InitStruct.Alternate = GPIO_AF6_SPI3;
 142:Src/stm32f4xx_hal_msp.c ****     HAL_GPIO_Init(I2S3_WS_GPIO_Port, &GPIO_InitStruct);
 143:Src/stm32f4xx_hal_msp.c **** 
 144:Src/stm32f4xx_hal_msp.c ****     GPIO_InitStruct.Pin = I2S3_MCK_Pin|I2S3_SCK_Pin|I2S3_SD_Pin;
 145:Src/stm32f4xx_hal_msp.c ****     GPIO_InitStruct.Mode = GPIO_MODE_AF_PP;
 146:Src/stm32f4xx_hal_msp.c ****     GPIO_InitStruct.Pull = GPIO_NOPULL;
 147:Src/stm32f4xx_hal_msp.c ****     GPIO_InitStruct.Speed = GPIO_SPEED_FREQ_LOW;
 148:Src/stm32f4xx_hal_msp.c ****     GPIO_InitStruct.Alternate = GPIO_AF6_SPI3;
 149:Src/stm32f4xx_hal_msp.c ****     HAL_GPIO_Init(GPIOC, &GPIO_InitStruct);
 150:Src/stm32f4xx_hal_msp.c **** 
 151:Src/stm32f4xx_hal_msp.c ****   /* USER CODE BEGIN SPI3_MspInit 1 */
 152:Src/stm32f4xx_hal_msp.c **** 
 153:Src/stm32f4xx_hal_msp.c ****   /* USER CODE END SPI3_MspInit 1 */
 154:Src/stm32f4xx_hal_msp.c ****   }
 155:Src/stm32f4xx_hal_msp.c **** 
 156:Src/stm32f4xx_hal_msp.c **** }
 123              		.loc 1 156 0
 124 0012 08B0     		add	sp, sp, #32
 125              	.LCFI3:
 126              		.cfi_remember_state
 127              		.cfi_def_cfa_offset 16
 128              		@ sp needed
 129 0014 70BD     		pop	{r4, r5, r6, pc}
 130              	.LVL10:
 131              	.L7:
 132              	.LCFI4:
ARM GAS  C:\Users\Student\AppData\Local\Temp\ccZXrfl9.s 			page 6


 133              		.cfi_restore_state
 134              	.LBB2:
  98:Src/stm32f4xx_hal_msp.c ****   
 135              		.loc 1 98 0
 136 0016 0024     		movs	r4, #0
 137 0018 0194     		str	r4, [sp, #4]
 138 001a 254B     		ldr	r3, .L9+8
 139 001c 1A6C     		ldr	r2, [r3, #64]
 140 001e 42F48042 		orr	r2, r2, #16384
 141 0022 1A64     		str	r2, [r3, #64]
 142 0024 1B6C     		ldr	r3, [r3, #64]
 143 0026 03F48043 		and	r3, r3, #16384
 144 002a 0193     		str	r3, [sp, #4]
 145 002c 019B     		ldr	r3, [sp, #4]
 146              	.LBE2:
 105:Src/stm32f4xx_hal_msp.c ****     GPIO_InitStruct.Mode = GPIO_MODE_AF_PP;
 147              		.loc 1 105 0
 148 002e 0823     		movs	r3, #8
 149 0030 0393     		str	r3, [sp, #12]
 106:Src/stm32f4xx_hal_msp.c ****     GPIO_InitStruct.Pull = GPIO_NOPULL;
 150              		.loc 1 106 0
 151 0032 0226     		movs	r6, #2
 152 0034 0496     		str	r6, [sp, #16]
 107:Src/stm32f4xx_hal_msp.c ****     GPIO_InitStruct.Speed = GPIO_SPEED_FREQ_LOW;
 153              		.loc 1 107 0
 154 0036 0594     		str	r4, [sp, #20]
 108:Src/stm32f4xx_hal_msp.c ****     GPIO_InitStruct.Alternate = GPIO_AF5_SPI2;
 155              		.loc 1 108 0
 156 0038 0694     		str	r4, [sp, #24]
 109:Src/stm32f4xx_hal_msp.c ****     HAL_GPIO_Init(PDM_OUT_GPIO_Port, &GPIO_InitStruct);
 157              		.loc 1 109 0
 158 003a 0525     		movs	r5, #5
 159 003c 0795     		str	r5, [sp, #28]
 110:Src/stm32f4xx_hal_msp.c **** 
 160              		.loc 1 110 0
 161 003e 03A9     		add	r1, sp, #12
 162 0040 1C48     		ldr	r0, .L9+12
 163              	.LVL11:
 164 0042 FFF7FEFF 		bl	HAL_GPIO_Init
 165              	.LVL12:
 112:Src/stm32f4xx_hal_msp.c ****     GPIO_InitStruct.Mode = GPIO_MODE_AF_PP;
 166              		.loc 1 112 0
 167 0046 4FF4A053 		mov	r3, #5120
 168 004a 0393     		str	r3, [sp, #12]
 113:Src/stm32f4xx_hal_msp.c ****     GPIO_InitStruct.Pull = GPIO_NOPULL;
 169              		.loc 1 113 0
 170 004c 0496     		str	r6, [sp, #16]
 114:Src/stm32f4xx_hal_msp.c ****     GPIO_InitStruct.Speed = GPIO_SPEED_FREQ_LOW;
 171              		.loc 1 114 0
 172 004e 0594     		str	r4, [sp, #20]
 115:Src/stm32f4xx_hal_msp.c ****     GPIO_InitStruct.Alternate = GPIO_AF5_SPI2;
 173              		.loc 1 115 0
 174 0050 0694     		str	r4, [sp, #24]
 116:Src/stm32f4xx_hal_msp.c ****     HAL_GPIO_Init(GPIOB, &GPIO_InitStruct);
 175              		.loc 1 116 0
 176 0052 0795     		str	r5, [sp, #28]
 117:Src/stm32f4xx_hal_msp.c **** 
ARM GAS  C:\Users\Student\AppData\Local\Temp\ccZXrfl9.s 			page 7


 177              		.loc 1 117 0
 178 0054 03A9     		add	r1, sp, #12
 179 0056 1848     		ldr	r0, .L9+16
 180 0058 FFF7FEFF 		bl	HAL_GPIO_Init
 181              	.LVL13:
 182 005c D9E7     		b	.L3
 183              	.LVL14:
 184              	.L8:
 185              	.LBB3:
 129:Src/stm32f4xx_hal_msp.c ****   
 186              		.loc 1 129 0
 187 005e 0024     		movs	r4, #0
 188 0060 0294     		str	r4, [sp, #8]
 189 0062 134B     		ldr	r3, .L9+8
 190 0064 1A6C     		ldr	r2, [r3, #64]
 191 0066 42F40042 		orr	r2, r2, #32768
 192 006a 1A64     		str	r2, [r3, #64]
 193 006c 1B6C     		ldr	r3, [r3, #64]
 194 006e 03F40043 		and	r3, r3, #32768
 195 0072 0293     		str	r3, [sp, #8]
 196 0074 029B     		ldr	r3, [sp, #8]
 197              	.LBE3:
 137:Src/stm32f4xx_hal_msp.c ****     GPIO_InitStruct.Mode = GPIO_MODE_AF_PP;
 198              		.loc 1 137 0
 199 0076 1023     		movs	r3, #16
 200 0078 0393     		str	r3, [sp, #12]
 138:Src/stm32f4xx_hal_msp.c ****     GPIO_InitStruct.Pull = GPIO_NOPULL;
 201              		.loc 1 138 0
 202 007a 0226     		movs	r6, #2
 203 007c 0496     		str	r6, [sp, #16]
 139:Src/stm32f4xx_hal_msp.c ****     GPIO_InitStruct.Speed = GPIO_SPEED_FREQ_LOW;
 204              		.loc 1 139 0
 205 007e 0594     		str	r4, [sp, #20]
 140:Src/stm32f4xx_hal_msp.c ****     GPIO_InitStruct.Alternate = GPIO_AF6_SPI3;
 206              		.loc 1 140 0
 207 0080 0694     		str	r4, [sp, #24]
 141:Src/stm32f4xx_hal_msp.c ****     HAL_GPIO_Init(I2S3_WS_GPIO_Port, &GPIO_InitStruct);
 208              		.loc 1 141 0
 209 0082 0625     		movs	r5, #6
 210 0084 0795     		str	r5, [sp, #28]
 142:Src/stm32f4xx_hal_msp.c **** 
 211              		.loc 1 142 0
 212 0086 03A9     		add	r1, sp, #12
 213 0088 0C48     		ldr	r0, .L9+20
 214              	.LVL15:
 215 008a FFF7FEFF 		bl	HAL_GPIO_Init
 216              	.LVL16:
 144:Src/stm32f4xx_hal_msp.c ****     GPIO_InitStruct.Mode = GPIO_MODE_AF_PP;
 217              		.loc 1 144 0
 218 008e 4FF4A453 		mov	r3, #5248
 219 0092 0393     		str	r3, [sp, #12]
 145:Src/stm32f4xx_hal_msp.c ****     GPIO_InitStruct.Pull = GPIO_NOPULL;
 220              		.loc 1 145 0
 221 0094 0496     		str	r6, [sp, #16]
 146:Src/stm32f4xx_hal_msp.c ****     GPIO_InitStruct.Speed = GPIO_SPEED_FREQ_LOW;
 222              		.loc 1 146 0
 223 0096 0594     		str	r4, [sp, #20]
ARM GAS  C:\Users\Student\AppData\Local\Temp\ccZXrfl9.s 			page 8


 147:Src/stm32f4xx_hal_msp.c ****     GPIO_InitStruct.Alternate = GPIO_AF6_SPI3;
 224              		.loc 1 147 0
 225 0098 0694     		str	r4, [sp, #24]
 148:Src/stm32f4xx_hal_msp.c ****     HAL_GPIO_Init(GPIOC, &GPIO_InitStruct);
 226              		.loc 1 148 0
 227 009a 0795     		str	r5, [sp, #28]
 149:Src/stm32f4xx_hal_msp.c **** 
 228              		.loc 1 149 0
 229 009c 03A9     		add	r1, sp, #12
 230 009e 0548     		ldr	r0, .L9+12
 231 00a0 FFF7FEFF 		bl	HAL_GPIO_Init
 232              	.LVL17:
 233              		.loc 1 156 0
 234 00a4 B5E7     		b	.L3
 235              	.L10:
 236 00a6 00BF     		.align	2
 237              	.L9:
 238 00a8 00380040 		.word	1073756160
 239 00ac 003C0040 		.word	1073757184
 240 00b0 00380240 		.word	1073887232
 241 00b4 00080240 		.word	1073874944
 242 00b8 00040240 		.word	1073873920
 243 00bc 00000240 		.word	1073872896
 244              		.cfi_endproc
 245              	.LFE125:
 247              		.section	.text.HAL_I2S_MspDeInit,"ax",%progbits
 248              		.align	1
 249              		.global	HAL_I2S_MspDeInit
 250              		.syntax unified
 251              		.thumb
 252              		.thumb_func
 253              		.fpu fpv4-sp-d16
 255              	HAL_I2S_MspDeInit:
 256              	.LFB126:
 157:Src/stm32f4xx_hal_msp.c **** 
 158:Src/stm32f4xx_hal_msp.c **** void HAL_I2S_MspDeInit(I2S_HandleTypeDef* hi2s)
 159:Src/stm32f4xx_hal_msp.c **** {
 257              		.loc 1 159 0
 258              		.cfi_startproc
 259              		@ args = 0, pretend = 0, frame = 0
 260              		@ frame_needed = 0, uses_anonymous_args = 0
 261              	.LVL18:
 262 0000 08B5     		push	{r3, lr}
 263              	.LCFI5:
 264              		.cfi_def_cfa_offset 8
 265              		.cfi_offset 3, -8
 266              		.cfi_offset 14, -4
 160:Src/stm32f4xx_hal_msp.c **** 
 161:Src/stm32f4xx_hal_msp.c ****   if(hi2s->Instance==SPI2)
 267              		.loc 1 161 0
 268 0002 0368     		ldr	r3, [r0]
 269 0004 134A     		ldr	r2, .L17
 270 0006 9342     		cmp	r3, r2
 271 0008 03D0     		beq	.L15
 162:Src/stm32f4xx_hal_msp.c ****   {
 163:Src/stm32f4xx_hal_msp.c ****   /* USER CODE BEGIN SPI2_MspDeInit 0 */
 164:Src/stm32f4xx_hal_msp.c **** 
ARM GAS  C:\Users\Student\AppData\Local\Temp\ccZXrfl9.s 			page 9


 165:Src/stm32f4xx_hal_msp.c ****   /* USER CODE END SPI2_MspDeInit 0 */
 166:Src/stm32f4xx_hal_msp.c ****     /* Peripheral clock disable */
 167:Src/stm32f4xx_hal_msp.c ****     __HAL_RCC_SPI2_CLK_DISABLE();
 168:Src/stm32f4xx_hal_msp.c ****   
 169:Src/stm32f4xx_hal_msp.c ****     /**I2S2 GPIO Configuration    
 170:Src/stm32f4xx_hal_msp.c ****     PC3     ------> I2S2_SD
 171:Src/stm32f4xx_hal_msp.c ****     PB10     ------> I2S2_CK
 172:Src/stm32f4xx_hal_msp.c ****     PB12     ------> I2S2_WS 
 173:Src/stm32f4xx_hal_msp.c ****     */
 174:Src/stm32f4xx_hal_msp.c ****     HAL_GPIO_DeInit(PDM_OUT_GPIO_Port, PDM_OUT_Pin);
 175:Src/stm32f4xx_hal_msp.c **** 
 176:Src/stm32f4xx_hal_msp.c ****     HAL_GPIO_DeInit(GPIOB, CLK_IN_Pin|GPIO_PIN_12);
 177:Src/stm32f4xx_hal_msp.c **** 
 178:Src/stm32f4xx_hal_msp.c ****   /* USER CODE BEGIN SPI2_MspDeInit 1 */
 179:Src/stm32f4xx_hal_msp.c **** 
 180:Src/stm32f4xx_hal_msp.c ****   /* USER CODE END SPI2_MspDeInit 1 */
 181:Src/stm32f4xx_hal_msp.c ****   }
 182:Src/stm32f4xx_hal_msp.c ****   else if(hi2s->Instance==SPI3)
 272              		.loc 1 182 0
 273 000a 134A     		ldr	r2, .L17+4
 274 000c 9342     		cmp	r3, r2
 275 000e 10D0     		beq	.L16
 276              	.LVL19:
 277              	.L11:
 278 0010 08BD     		pop	{r3, pc}
 279              	.LVL20:
 280              	.L15:
 167:Src/stm32f4xx_hal_msp.c ****   
 281              		.loc 1 167 0
 282 0012 02F50032 		add	r2, r2, #131072
 283 0016 136C     		ldr	r3, [r2, #64]
 284 0018 23F48043 		bic	r3, r3, #16384
 285 001c 1364     		str	r3, [r2, #64]
 174:Src/stm32f4xx_hal_msp.c **** 
 286              		.loc 1 174 0
 287 001e 0821     		movs	r1, #8
 288 0020 0E48     		ldr	r0, .L17+8
 289              	.LVL21:
 290 0022 FFF7FEFF 		bl	HAL_GPIO_DeInit
 291              	.LVL22:
 176:Src/stm32f4xx_hal_msp.c **** 
 292              		.loc 1 176 0
 293 0026 4FF4A051 		mov	r1, #5120
 294 002a 0D48     		ldr	r0, .L17+12
 295 002c FFF7FEFF 		bl	HAL_GPIO_DeInit
 296              	.LVL23:
 297 0030 08BD     		pop	{r3, pc}
 298              	.LVL24:
 299              	.L16:
 183:Src/stm32f4xx_hal_msp.c ****   {
 184:Src/stm32f4xx_hal_msp.c ****   /* USER CODE BEGIN SPI3_MspDeInit 0 */
 185:Src/stm32f4xx_hal_msp.c **** 
 186:Src/stm32f4xx_hal_msp.c ****   /* USER CODE END SPI3_MspDeInit 0 */
 187:Src/stm32f4xx_hal_msp.c ****     /* Peripheral clock disable */
 188:Src/stm32f4xx_hal_msp.c ****     __HAL_RCC_SPI3_CLK_DISABLE();
 300              		.loc 1 188 0
 301 0032 02F5FE32 		add	r2, r2, #130048
ARM GAS  C:\Users\Student\AppData\Local\Temp\ccZXrfl9.s 			page 10


 302 0036 136C     		ldr	r3, [r2, #64]
 303 0038 23F40043 		bic	r3, r3, #32768
 304 003c 1364     		str	r3, [r2, #64]
 189:Src/stm32f4xx_hal_msp.c ****   
 190:Src/stm32f4xx_hal_msp.c ****     /**I2S3 GPIO Configuration    
 191:Src/stm32f4xx_hal_msp.c ****     PA4     ------> I2S3_WS
 192:Src/stm32f4xx_hal_msp.c ****     PC7     ------> I2S3_MCK
 193:Src/stm32f4xx_hal_msp.c ****     PC10     ------> I2S3_CK
 194:Src/stm32f4xx_hal_msp.c ****     PC12     ------> I2S3_SD 
 195:Src/stm32f4xx_hal_msp.c ****     */
 196:Src/stm32f4xx_hal_msp.c ****     HAL_GPIO_DeInit(I2S3_WS_GPIO_Port, I2S3_WS_Pin);
 305              		.loc 1 196 0
 306 003e 1021     		movs	r1, #16
 307 0040 0848     		ldr	r0, .L17+16
 308              	.LVL25:
 309 0042 FFF7FEFF 		bl	HAL_GPIO_DeInit
 310              	.LVL26:
 197:Src/stm32f4xx_hal_msp.c **** 
 198:Src/stm32f4xx_hal_msp.c ****     HAL_GPIO_DeInit(GPIOC, I2S3_MCK_Pin|I2S3_SCK_Pin|I2S3_SD_Pin);
 311              		.loc 1 198 0
 312 0046 4FF4A451 		mov	r1, #5248
 313 004a 0448     		ldr	r0, .L17+8
 314 004c FFF7FEFF 		bl	HAL_GPIO_DeInit
 315              	.LVL27:
 199:Src/stm32f4xx_hal_msp.c **** 
 200:Src/stm32f4xx_hal_msp.c ****   /* USER CODE BEGIN SPI3_MspDeInit 1 */
 201:Src/stm32f4xx_hal_msp.c **** 
 202:Src/stm32f4xx_hal_msp.c ****   /* USER CODE END SPI3_MspDeInit 1 */
 203:Src/stm32f4xx_hal_msp.c ****   }
 204:Src/stm32f4xx_hal_msp.c **** 
 205:Src/stm32f4xx_hal_msp.c **** }
 316              		.loc 1 205 0
 317 0050 DEE7     		b	.L11
 318              	.L18:
 319 0052 00BF     		.align	2
 320              	.L17:
 321 0054 00380040 		.word	1073756160
 322 0058 003C0040 		.word	1073757184
 323 005c 00080240 		.word	1073874944
 324 0060 00040240 		.word	1073873920
 325 0064 00000240 		.word	1073872896
 326              		.cfi_endproc
 327              	.LFE126:
 329              		.section	.text.HAL_UART_MspInit,"ax",%progbits
 330              		.align	1
 331              		.global	HAL_UART_MspInit
 332              		.syntax unified
 333              		.thumb
 334              		.thumb_func
 335              		.fpu fpv4-sp-d16
 337              	HAL_UART_MspInit:
 338              	.LFB127:
 206:Src/stm32f4xx_hal_msp.c **** 
 207:Src/stm32f4xx_hal_msp.c **** void HAL_UART_MspInit(UART_HandleTypeDef* huart)
 208:Src/stm32f4xx_hal_msp.c **** {
 339              		.loc 1 208 0
 340              		.cfi_startproc
ARM GAS  C:\Users\Student\AppData\Local\Temp\ccZXrfl9.s 			page 11


 341              		@ args = 0, pretend = 0, frame = 24
 342              		@ frame_needed = 0, uses_anonymous_args = 0
 343              	.LVL28:
 209:Src/stm32f4xx_hal_msp.c **** 
 210:Src/stm32f4xx_hal_msp.c ****   GPIO_InitTypeDef GPIO_InitStruct;
 211:Src/stm32f4xx_hal_msp.c ****   if(huart->Instance==USART2)
 344              		.loc 1 211 0
 345 0000 0268     		ldr	r2, [r0]
 346 0002 114B     		ldr	r3, .L26
 347 0004 9A42     		cmp	r2, r3
 348 0006 00D0     		beq	.L25
 349 0008 7047     		bx	lr
 350              	.L25:
 208:Src/stm32f4xx_hal_msp.c **** 
 351              		.loc 1 208 0
 352 000a 00B5     		push	{lr}
 353              	.LCFI6:
 354              		.cfi_def_cfa_offset 4
 355              		.cfi_offset 14, -4
 356 000c 87B0     		sub	sp, sp, #28
 357              	.LCFI7:
 358              		.cfi_def_cfa_offset 32
 359              	.LBB4:
 212:Src/stm32f4xx_hal_msp.c ****   {
 213:Src/stm32f4xx_hal_msp.c ****   /* USER CODE BEGIN USART2_MspInit 0 */
 214:Src/stm32f4xx_hal_msp.c **** 
 215:Src/stm32f4xx_hal_msp.c ****   /* USER CODE END USART2_MspInit 0 */
 216:Src/stm32f4xx_hal_msp.c ****     /* Peripheral clock enable */
 217:Src/stm32f4xx_hal_msp.c ****     __HAL_RCC_USART2_CLK_ENABLE();
 360              		.loc 1 217 0
 361 000e 0023     		movs	r3, #0
 362 0010 0093     		str	r3, [sp]
 363 0012 0E4B     		ldr	r3, .L26+4
 364 0014 1A6C     		ldr	r2, [r3, #64]
 365 0016 42F40032 		orr	r2, r2, #131072
 366 001a 1A64     		str	r2, [r3, #64]
 367 001c 1B6C     		ldr	r3, [r3, #64]
 368 001e 03F40033 		and	r3, r3, #131072
 369 0022 0093     		str	r3, [sp]
 370 0024 009B     		ldr	r3, [sp]
 371              	.LBE4:
 218:Src/stm32f4xx_hal_msp.c ****   
 219:Src/stm32f4xx_hal_msp.c ****     /**USART2 GPIO Configuration    
 220:Src/stm32f4xx_hal_msp.c ****     PA2     ------> USART2_TX
 221:Src/stm32f4xx_hal_msp.c ****     PA3     ------> USART2_RX 
 222:Src/stm32f4xx_hal_msp.c ****     */
 223:Src/stm32f4xx_hal_msp.c ****     GPIO_InitStruct.Pin = GPIO_PIN_2|GPIO_PIN_3;
 372              		.loc 1 223 0
 373 0026 0C23     		movs	r3, #12
 374 0028 0193     		str	r3, [sp, #4]
 224:Src/stm32f4xx_hal_msp.c ****     GPIO_InitStruct.Mode = GPIO_MODE_AF_PP;
 375              		.loc 1 224 0
 376 002a 0223     		movs	r3, #2
 377 002c 0293     		str	r3, [sp, #8]
 225:Src/stm32f4xx_hal_msp.c ****     GPIO_InitStruct.Pull = GPIO_PULLUP;
 378              		.loc 1 225 0
 379 002e 0123     		movs	r3, #1
ARM GAS  C:\Users\Student\AppData\Local\Temp\ccZXrfl9.s 			page 12


 380 0030 0393     		str	r3, [sp, #12]
 226:Src/stm32f4xx_hal_msp.c ****     GPIO_InitStruct.Speed = GPIO_SPEED_FREQ_VERY_HIGH;
 381              		.loc 1 226 0
 382 0032 0323     		movs	r3, #3
 383 0034 0493     		str	r3, [sp, #16]
 227:Src/stm32f4xx_hal_msp.c ****     GPIO_InitStruct.Alternate = GPIO_AF7_USART2;
 384              		.loc 1 227 0
 385 0036 0723     		movs	r3, #7
 386 0038 0593     		str	r3, [sp, #20]
 228:Src/stm32f4xx_hal_msp.c ****     HAL_GPIO_Init(GPIOA, &GPIO_InitStruct);
 387              		.loc 1 228 0
 388 003a 01A9     		add	r1, sp, #4
 389 003c 0448     		ldr	r0, .L26+8
 390              	.LVL29:
 391 003e FFF7FEFF 		bl	HAL_GPIO_Init
 392              	.LVL30:
 229:Src/stm32f4xx_hal_msp.c **** 
 230:Src/stm32f4xx_hal_msp.c ****   /* USER CODE BEGIN USART2_MspInit 1 */
 231:Src/stm32f4xx_hal_msp.c **** 
 232:Src/stm32f4xx_hal_msp.c ****   /* USER CODE END USART2_MspInit 1 */
 233:Src/stm32f4xx_hal_msp.c ****   }
 234:Src/stm32f4xx_hal_msp.c **** 
 235:Src/stm32f4xx_hal_msp.c **** }
 393              		.loc 1 235 0
 394 0042 07B0     		add	sp, sp, #28
 395              	.LCFI8:
 396              		.cfi_def_cfa_offset 4
 397              		@ sp needed
 398 0044 5DF804FB 		ldr	pc, [sp], #4
 399              	.L27:
 400              		.align	2
 401              	.L26:
 402 0048 00440040 		.word	1073759232
 403 004c 00380240 		.word	1073887232
 404 0050 00000240 		.word	1073872896
 405              		.cfi_endproc
 406              	.LFE127:
 408              		.section	.text.HAL_UART_MspDeInit,"ax",%progbits
 409              		.align	1
 410              		.global	HAL_UART_MspDeInit
 411              		.syntax unified
 412              		.thumb
 413              		.thumb_func
 414              		.fpu fpv4-sp-d16
 416              	HAL_UART_MspDeInit:
 417              	.LFB128:
 236:Src/stm32f4xx_hal_msp.c **** 
 237:Src/stm32f4xx_hal_msp.c **** void HAL_UART_MspDeInit(UART_HandleTypeDef* huart)
 238:Src/stm32f4xx_hal_msp.c **** {
 418              		.loc 1 238 0
 419              		.cfi_startproc
 420              		@ args = 0, pretend = 0, frame = 0
 421              		@ frame_needed = 0, uses_anonymous_args = 0
 422              	.LVL31:
 423 0000 08B5     		push	{r3, lr}
 424              	.LCFI9:
 425              		.cfi_def_cfa_offset 8
ARM GAS  C:\Users\Student\AppData\Local\Temp\ccZXrfl9.s 			page 13


 426              		.cfi_offset 3, -8
 427              		.cfi_offset 14, -4
 239:Src/stm32f4xx_hal_msp.c **** 
 240:Src/stm32f4xx_hal_msp.c ****   if(huart->Instance==USART2)
 428              		.loc 1 240 0
 429 0002 0268     		ldr	r2, [r0]
 430 0004 064B     		ldr	r3, .L32
 431 0006 9A42     		cmp	r2, r3
 432 0008 00D0     		beq	.L31
 433              	.LVL32:
 434              	.L28:
 435 000a 08BD     		pop	{r3, pc}
 436              	.LVL33:
 437              	.L31:
 241:Src/stm32f4xx_hal_msp.c ****   {
 242:Src/stm32f4xx_hal_msp.c ****   /* USER CODE BEGIN USART2_MspDeInit 0 */
 243:Src/stm32f4xx_hal_msp.c **** 
 244:Src/stm32f4xx_hal_msp.c ****   /* USER CODE END USART2_MspDeInit 0 */
 245:Src/stm32f4xx_hal_msp.c ****     /* Peripheral clock disable */
 246:Src/stm32f4xx_hal_msp.c ****     __HAL_RCC_USART2_CLK_DISABLE();
 438              		.loc 1 246 0
 439 000c 054A     		ldr	r2, .L32+4
 440 000e 136C     		ldr	r3, [r2, #64]
 441 0010 23F40033 		bic	r3, r3, #131072
 442 0014 1364     		str	r3, [r2, #64]
 247:Src/stm32f4xx_hal_msp.c ****   
 248:Src/stm32f4xx_hal_msp.c ****     /**USART2 GPIO Configuration    
 249:Src/stm32f4xx_hal_msp.c ****     PA2     ------> USART2_TX
 250:Src/stm32f4xx_hal_msp.c ****     PA3     ------> USART2_RX 
 251:Src/stm32f4xx_hal_msp.c ****     */
 252:Src/stm32f4xx_hal_msp.c ****     HAL_GPIO_DeInit(GPIOA, GPIO_PIN_2|GPIO_PIN_3);
 443              		.loc 1 252 0
 444 0016 0C21     		movs	r1, #12
 445 0018 0348     		ldr	r0, .L32+8
 446              	.LVL34:
 447 001a FFF7FEFF 		bl	HAL_GPIO_DeInit
 448              	.LVL35:
 253:Src/stm32f4xx_hal_msp.c **** 
 254:Src/stm32f4xx_hal_msp.c ****   /* USER CODE BEGIN USART2_MspDeInit 1 */
 255:Src/stm32f4xx_hal_msp.c **** 
 256:Src/stm32f4xx_hal_msp.c ****   /* USER CODE END USART2_MspDeInit 1 */
 257:Src/stm32f4xx_hal_msp.c ****   }
 258:Src/stm32f4xx_hal_msp.c **** 
 259:Src/stm32f4xx_hal_msp.c **** }
 449              		.loc 1 259 0
 450 001e F4E7     		b	.L28
 451              	.L33:
 452              		.align	2
 453              	.L32:
 454 0020 00440040 		.word	1073759232
 455 0024 00380240 		.word	1073887232
 456 0028 00000240 		.word	1073872896
 457              		.cfi_endproc
 458              	.LFE128:
 460              		.text
 461              	.Letext0:
 462              		.file 2 "c:\\gcc_toolchain\\6_2017-q1-update\\arm-none-eabi\\include\\machine\\_default_types.h"
ARM GAS  C:\Users\Student\AppData\Local\Temp\ccZXrfl9.s 			page 14


 463              		.file 3 "c:\\gcc_toolchain\\6_2017-q1-update\\arm-none-eabi\\include\\sys\\_stdint.h"
 464              		.file 4 "Drivers/CMSIS/Include/core_cm4.h"
 465              		.file 5 "Drivers/CMSIS/Device/ST/STM32F4xx/Include/system_stm32f4xx.h"
 466              		.file 6 "Drivers/CMSIS/Device/ST/STM32F4xx/Include/stm32f407xx.h"
 467              		.file 7 "c:\\gcc_toolchain\\6_2017-q1-update\\arm-none-eabi\\include\\sys\\lock.h"
 468              		.file 8 "c:\\gcc_toolchain\\6_2017-q1-update\\arm-none-eabi\\include\\sys\\_types.h"
 469              		.file 9 "c:\\gcc_toolchain\\6_2017-q1-update\\lib\\gcc\\arm-none-eabi\\6.3.1\\include\\stddef.h"
 470              		.file 10 "c:\\gcc_toolchain\\6_2017-q1-update\\arm-none-eabi\\include\\sys\\reent.h"
 471              		.file 11 "Drivers/STM32F4xx_HAL_Driver/Inc/stm32f4xx_hal_def.h"
 472              		.file 12 "Drivers/STM32F4xx_HAL_Driver/Inc/stm32f4xx_hal_gpio.h"
 473              		.file 13 "Drivers/STM32F4xx_HAL_Driver/Inc/stm32f4xx_hal_dma.h"
 474              		.file 14 "Drivers/STM32F4xx_HAL_Driver/Inc/stm32f4xx_hal_i2s.h"
 475              		.file 15 "Drivers/STM32F4xx_HAL_Driver/Inc/stm32f4xx_hal_uart.h"
 476              		.file 16 "Drivers/STM32F4xx_HAL_Driver/Inc/stm32f4xx_hal_cortex.h"
ARM GAS  C:\Users\Student\AppData\Local\Temp\ccZXrfl9.s 			page 15


DEFINED SYMBOLS
                            *ABS*:00000000 stm32f4xx_hal_msp.c
C:\Users\Student\AppData\Local\Temp\ccZXrfl9.s:18     .text.HAL_MspInit:00000000 $t
C:\Users\Student\AppData\Local\Temp\ccZXrfl9.s:25     .text.HAL_MspInit:00000000 HAL_MspInit
C:\Users\Student\AppData\Local\Temp\ccZXrfl9.s:88     .text.HAL_I2S_MspInit:00000000 $t
C:\Users\Student\AppData\Local\Temp\ccZXrfl9.s:95     .text.HAL_I2S_MspInit:00000000 HAL_I2S_MspInit
C:\Users\Student\AppData\Local\Temp\ccZXrfl9.s:238    .text.HAL_I2S_MspInit:000000a8 $d
C:\Users\Student\AppData\Local\Temp\ccZXrfl9.s:248    .text.HAL_I2S_MspDeInit:00000000 $t
C:\Users\Student\AppData\Local\Temp\ccZXrfl9.s:255    .text.HAL_I2S_MspDeInit:00000000 HAL_I2S_MspDeInit
C:\Users\Student\AppData\Local\Temp\ccZXrfl9.s:321    .text.HAL_I2S_MspDeInit:00000054 $d
C:\Users\Student\AppData\Local\Temp\ccZXrfl9.s:330    .text.HAL_UART_MspInit:00000000 $t
C:\Users\Student\AppData\Local\Temp\ccZXrfl9.s:337    .text.HAL_UART_MspInit:00000000 HAL_UART_MspInit
C:\Users\Student\AppData\Local\Temp\ccZXrfl9.s:402    .text.HAL_UART_MspInit:00000048 $d
C:\Users\Student\AppData\Local\Temp\ccZXrfl9.s:409    .text.HAL_UART_MspDeInit:00000000 $t
C:\Users\Student\AppData\Local\Temp\ccZXrfl9.s:416    .text.HAL_UART_MspDeInit:00000000 HAL_UART_MspDeInit
C:\Users\Student\AppData\Local\Temp\ccZXrfl9.s:454    .text.HAL_UART_MspDeInit:00000020 $d
                     .debug_frame:00000010 $d

UNDEFINED SYMBOLS
HAL_NVIC_SetPriorityGrouping
HAL_NVIC_SetPriority
HAL_GPIO_Init
HAL_GPIO_DeInit
