ARM GAS  C:\Users\Student\AppData\Local\Temp\cc1D6FCz.s 			page 1


   1              		.cpu cortex-m4
   2              		.eabi_attribute 27, 1
   3              		.eabi_attribute 28, 1
   4              		.eabi_attribute 20, 1
   5              		.eabi_attribute 21, 1
   6              		.eabi_attribute 23, 3
   7              		.eabi_attribute 24, 1
   8              		.eabi_attribute 25, 1
   9              		.eabi_attribute 26, 1
  10              		.eabi_attribute 30, 1
  11              		.eabi_attribute 34, 1
  12              		.eabi_attribute 18, 4
  13              		.file	"stm32f4xx_it.c"
  14              		.text
  15              	.Ltext0:
  16              		.cfi_sections	.debug_frame
  17              		.section	.text.DMA1_Stream7_IRQHandler,"ax",%progbits
  18              		.align	1
  19              		.global	DMA1_Stream7_IRQHandler
  20              		.syntax unified
  21              		.thumb
  22              		.thumb_func
  23              		.fpu fpv4-sp-d16
  25              	DMA1_Stream7_IRQHandler:
  26              	.LFB129:
  27              		.file 1 "Src/stm32f4xx_it.c"
   1:Src/stm32f4xx_it.c **** /**
   2:Src/stm32f4xx_it.c ****   ******************************************************************************
   3:Src/stm32f4xx_it.c ****   * @file    stm32f4xx_it.c
   4:Src/stm32f4xx_it.c ****   * @brief   Interrupt Service Routines.
   5:Src/stm32f4xx_it.c ****   ******************************************************************************
   6:Src/stm32f4xx_it.c ****   *
   7:Src/stm32f4xx_it.c ****   * COPYRIGHT(c) 2017 STMicroelectronics
   8:Src/stm32f4xx_it.c ****   *
   9:Src/stm32f4xx_it.c ****   * Redistribution and use in source and binary forms, with or without modification,
  10:Src/stm32f4xx_it.c ****   * are permitted provided that the following conditions are met:
  11:Src/stm32f4xx_it.c ****   *   1. Redistributions of source code must retain the above copyright notice,
  12:Src/stm32f4xx_it.c ****   *      this list of conditions and the following disclaimer.
  13:Src/stm32f4xx_it.c ****   *   2. Redistributions in binary form must reproduce the above copyright notice,
  14:Src/stm32f4xx_it.c ****   *      this list of conditions and the following disclaimer in the documentation
  15:Src/stm32f4xx_it.c ****   *      and/or other materials provided with the distribution.
  16:Src/stm32f4xx_it.c ****   *   3. Neither the name of STMicroelectronics nor the names of its contributors
  17:Src/stm32f4xx_it.c ****   *      may be used to endorse or promote products derived from this software
  18:Src/stm32f4xx_it.c ****   *      without specific prior written permission.
  19:Src/stm32f4xx_it.c ****   *
  20:Src/stm32f4xx_it.c ****   * THIS SOFTWARE IS PROVIDED BY THE COPYRIGHT HOLDERS AND CONTRIBUTORS "AS IS"
  21:Src/stm32f4xx_it.c ****   * AND ANY EXPRESS OR IMPLIED WARRANTIES, INCLUDING, BUT NOT LIMITED TO, THE
  22:Src/stm32f4xx_it.c ****   * IMPLIED WARRANTIES OF MERCHANTABILITY AND FITNESS FOR A PARTICULAR PURPOSE ARE
  23:Src/stm32f4xx_it.c ****   * DISCLAIMED. IN NO EVENT SHALL THE COPYRIGHT HOLDER OR CONTRIBUTORS BE LIABLE
  24:Src/stm32f4xx_it.c ****   * FOR ANY DIRECT, INDIRECT, INCIDENTAL, SPECIAL, EXEMPLARY, OR CONSEQUENTIAL
  25:Src/stm32f4xx_it.c ****   * DAMAGES (INCLUDING, BUT NOT LIMITED TO, PROCUREMENT OF SUBSTITUTE GOODS OR
  26:Src/stm32f4xx_it.c ****   * SERVICES; LOSS OF USE, DATA, OR PROFITS; OR BUSINESS INTERRUPTION) HOWEVER
  27:Src/stm32f4xx_it.c ****   * CAUSED AND ON ANY THEORY OF LIABILITY, WHETHER IN CONTRACT, STRICT LIABILITY,
  28:Src/stm32f4xx_it.c ****   * OR TORT (INCLUDING NEGLIGENCE OR OTHERWISE) ARISING IN ANY WAY OUT OF THE USE
  29:Src/stm32f4xx_it.c ****   * OF THIS SOFTWARE, EVEN IF ADVISED OF THE POSSIBILITY OF SUCH DAMAGE.
  30:Src/stm32f4xx_it.c ****   *
  31:Src/stm32f4xx_it.c ****   ******************************************************************************
ARM GAS  C:\Users\Student\AppData\Local\Temp\cc1D6FCz.s 			page 2


  32:Src/stm32f4xx_it.c ****   */
  33:Src/stm32f4xx_it.c **** /* Includes ------------------------------------------------------------------*/
  34:Src/stm32f4xx_it.c **** #include "stm32f4xx_hal.h"
  35:Src/stm32f4xx_it.c **** #include "stm32f4xx.h"
  36:Src/stm32f4xx_it.c **** #include "stm32f4xx_it.h"
  37:Src/stm32f4xx_it.c **** #include "cmsis_os.h"
  38:Src/stm32f4xx_it.c **** 
  39:Src/stm32f4xx_it.c **** /* USER CODE BEGIN 0 */
  40:Src/stm32f4xx_it.c **** 
  41:Src/stm32f4xx_it.c **** extern I2S_HandleTypeDef      hAudioOutI2s;
  42:Src/stm32f4xx_it.c **** 
  43:Src/stm32f4xx_it.c **** void DMA1_Stream7_IRQHandler(void)
  44:Src/stm32f4xx_it.c **** {
  28              		.loc 1 44 0
  29              		.cfi_startproc
  30              		@ args = 0, pretend = 0, frame = 0
  31              		@ frame_needed = 0, uses_anonymous_args = 0
  32 0000 08B5     		push	{r3, lr}
  33              	.LCFI0:
  34              		.cfi_def_cfa_offset 8
  35              		.cfi_offset 3, -8
  36              		.cfi_offset 14, -4
  45:Src/stm32f4xx_it.c ****     HAL_DMA_IRQHandler(hAudioOutI2s.hdmatx);
  37              		.loc 1 45 0
  38 0002 024B     		ldr	r3, .L3
  39 0004 986B     		ldr	r0, [r3, #56]
  40 0006 FFF7FEFF 		bl	HAL_DMA_IRQHandler
  41              	.LVL0:
  42 000a 08BD     		pop	{r3, pc}
  43              	.L4:
  44              		.align	2
  45              	.L3:
  46 000c 00000000 		.word	hAudioOutI2s
  47              		.cfi_endproc
  48              	.LFE129:
  50              		.section	.text.SysTick_Handler,"ax",%progbits
  51              		.align	1
  52              		.global	SysTick_Handler
  53              		.syntax unified
  54              		.thumb
  55              		.thumb_func
  56              		.fpu fpv4-sp-d16
  58              	SysTick_Handler:
  59              	.LFB130:
  46:Src/stm32f4xx_it.c **** }
  47:Src/stm32f4xx_it.c **** 
  48:Src/stm32f4xx_it.c **** 
  49:Src/stm32f4xx_it.c **** 
  50:Src/stm32f4xx_it.c **** /* USER CODE END 0 */
  51:Src/stm32f4xx_it.c **** 
  52:Src/stm32f4xx_it.c **** /* External variables --------------------------------------------------------*/
  53:Src/stm32f4xx_it.c **** extern HCD_HandleTypeDef hhcd_USB_OTG_FS;
  54:Src/stm32f4xx_it.c **** 
  55:Src/stm32f4xx_it.c **** extern TIM_HandleTypeDef htim13;
  56:Src/stm32f4xx_it.c **** 
  57:Src/stm32f4xx_it.c **** /******************************************************************************/
  58:Src/stm32f4xx_it.c **** /*            Cortex-M4 Processor Interruption and Exception Handlers         */ 
ARM GAS  C:\Users\Student\AppData\Local\Temp\cc1D6FCz.s 			page 3


  59:Src/stm32f4xx_it.c **** /******************************************************************************/
  60:Src/stm32f4xx_it.c **** 
  61:Src/stm32f4xx_it.c **** /**
  62:Src/stm32f4xx_it.c **** * @brief This function handles System tick timer.
  63:Src/stm32f4xx_it.c **** */
  64:Src/stm32f4xx_it.c **** void SysTick_Handler(void)
  65:Src/stm32f4xx_it.c **** {
  60              		.loc 1 65 0
  61              		.cfi_startproc
  62              		@ args = 0, pretend = 0, frame = 0
  63              		@ frame_needed = 0, uses_anonymous_args = 0
  64 0000 08B5     		push	{r3, lr}
  65              	.LCFI1:
  66              		.cfi_def_cfa_offset 8
  67              		.cfi_offset 3, -8
  68              		.cfi_offset 14, -4
  66:Src/stm32f4xx_it.c ****   /* USER CODE BEGIN SysTick_IRQn 0 */
  67:Src/stm32f4xx_it.c **** 
  68:Src/stm32f4xx_it.c ****   /* USER CODE END SysTick_IRQn 0 */
  69:Src/stm32f4xx_it.c ****   osSystickHandler();
  69              		.loc 1 69 0
  70 0002 FFF7FEFF 		bl	osSystickHandler
  71              	.LVL1:
  72 0006 08BD     		pop	{r3, pc}
  73              		.cfi_endproc
  74              	.LFE130:
  76              		.section	.text.TIM8_UP_TIM13_IRQHandler,"ax",%progbits
  77              		.align	1
  78              		.global	TIM8_UP_TIM13_IRQHandler
  79              		.syntax unified
  80              		.thumb
  81              		.thumb_func
  82              		.fpu fpv4-sp-d16
  84              	TIM8_UP_TIM13_IRQHandler:
  85              	.LFB131:
  70:Src/stm32f4xx_it.c ****   /* USER CODE BEGIN SysTick_IRQn 1 */
  71:Src/stm32f4xx_it.c **** 
  72:Src/stm32f4xx_it.c ****   /* USER CODE END SysTick_IRQn 1 */
  73:Src/stm32f4xx_it.c **** }
  74:Src/stm32f4xx_it.c **** 
  75:Src/stm32f4xx_it.c **** /******************************************************************************/
  76:Src/stm32f4xx_it.c **** /* STM32F4xx Peripheral Interrupt Handlers                                    */
  77:Src/stm32f4xx_it.c **** /* Add here the Interrupt Handlers for the used peripherals.                  */
  78:Src/stm32f4xx_it.c **** /* For the available peripheral interrupt handler names,                      */
  79:Src/stm32f4xx_it.c **** /* please refer to the startup file (startup_stm32f4xx.s).                    */
  80:Src/stm32f4xx_it.c **** /******************************************************************************/
  81:Src/stm32f4xx_it.c **** 
  82:Src/stm32f4xx_it.c **** /**
  83:Src/stm32f4xx_it.c **** * @brief This function handles TIM8 update interrupt and TIM13 global interrupt.
  84:Src/stm32f4xx_it.c **** */
  85:Src/stm32f4xx_it.c **** void TIM8_UP_TIM13_IRQHandler(void)
  86:Src/stm32f4xx_it.c **** {
  86              		.loc 1 86 0
  87              		.cfi_startproc
  88              		@ args = 0, pretend = 0, frame = 0
  89              		@ frame_needed = 0, uses_anonymous_args = 0
  90 0000 08B5     		push	{r3, lr}
ARM GAS  C:\Users\Student\AppData\Local\Temp\cc1D6FCz.s 			page 4


  91              	.LCFI2:
  92              		.cfi_def_cfa_offset 8
  93              		.cfi_offset 3, -8
  94              		.cfi_offset 14, -4
  87:Src/stm32f4xx_it.c ****   /* USER CODE BEGIN TIM8_UP_TIM13_IRQn 0 */
  88:Src/stm32f4xx_it.c **** 
  89:Src/stm32f4xx_it.c ****   /* USER CODE END TIM8_UP_TIM13_IRQn 0 */
  90:Src/stm32f4xx_it.c ****   HAL_TIM_IRQHandler(&htim13);
  95              		.loc 1 90 0
  96 0002 0248     		ldr	r0, .L9
  97 0004 FFF7FEFF 		bl	HAL_TIM_IRQHandler
  98              	.LVL2:
  99 0008 08BD     		pop	{r3, pc}
 100              	.L10:
 101 000a 00BF     		.align	2
 102              	.L9:
 103 000c 00000000 		.word	htim13
 104              		.cfi_endproc
 105              	.LFE131:
 107              		.section	.text.OTG_FS_IRQHandler,"ax",%progbits
 108              		.align	1
 109              		.global	OTG_FS_IRQHandler
 110              		.syntax unified
 111              		.thumb
 112              		.thumb_func
 113              		.fpu fpv4-sp-d16
 115              	OTG_FS_IRQHandler:
 116              	.LFB132:
  91:Src/stm32f4xx_it.c ****   /* USER CODE BEGIN TIM8_UP_TIM13_IRQn 1 */
  92:Src/stm32f4xx_it.c **** 
  93:Src/stm32f4xx_it.c ****   /* USER CODE END TIM8_UP_TIM13_IRQn 1 */
  94:Src/stm32f4xx_it.c **** }
  95:Src/stm32f4xx_it.c **** 
  96:Src/stm32f4xx_it.c **** /**
  97:Src/stm32f4xx_it.c **** * @brief This function handles USB On The Go FS global interrupt.
  98:Src/stm32f4xx_it.c **** */
  99:Src/stm32f4xx_it.c **** void OTG_FS_IRQHandler(void)
 100:Src/stm32f4xx_it.c **** {
 117              		.loc 1 100 0
 118              		.cfi_startproc
 119              		@ args = 0, pretend = 0, frame = 0
 120              		@ frame_needed = 0, uses_anonymous_args = 0
 121 0000 08B5     		push	{r3, lr}
 122              	.LCFI3:
 123              		.cfi_def_cfa_offset 8
 124              		.cfi_offset 3, -8
 125              		.cfi_offset 14, -4
 101:Src/stm32f4xx_it.c ****   /* USER CODE BEGIN OTG_FS_IRQn 0 */
 102:Src/stm32f4xx_it.c **** 
 103:Src/stm32f4xx_it.c ****   /* USER CODE END OTG_FS_IRQn 0 */
 104:Src/stm32f4xx_it.c ****   HAL_HCD_IRQHandler(&hhcd_USB_OTG_FS);
 126              		.loc 1 104 0
 127 0002 0248     		ldr	r0, .L13
 128 0004 FFF7FEFF 		bl	HAL_HCD_IRQHandler
 129              	.LVL3:
 130 0008 08BD     		pop	{r3, pc}
 131              	.L14:
ARM GAS  C:\Users\Student\AppData\Local\Temp\cc1D6FCz.s 			page 5


 132 000a 00BF     		.align	2
 133              	.L13:
 134 000c 00000000 		.word	hhcd_USB_OTG_FS
 135              		.cfi_endproc
 136              	.LFE132:
 138              		.text
 139              	.Letext0:
 140              		.file 2 "c:\\gcc_toolchain\\6_2017-q1-update\\arm-none-eabi\\include\\machine\\_default_types.h"
 141              		.file 3 "c:\\gcc_toolchain\\6_2017-q1-update\\arm-none-eabi\\include\\sys\\_stdint.h"
 142              		.file 4 "Drivers/CMSIS/Include/core_cm4.h"
 143              		.file 5 "Drivers/CMSIS/Device/ST/STM32F4xx/Include/system_stm32f4xx.h"
 144              		.file 6 "Drivers/CMSIS/Device/ST/STM32F4xx/Include/stm32f407xx.h"
 145              		.file 7 "c:\\gcc_toolchain\\6_2017-q1-update\\arm-none-eabi\\include\\sys\\lock.h"
 146              		.file 8 "c:\\gcc_toolchain\\6_2017-q1-update\\arm-none-eabi\\include\\sys\\_types.h"
 147              		.file 9 "c:\\gcc_toolchain\\6_2017-q1-update\\lib\\gcc\\arm-none-eabi\\6.3.1\\include\\stddef.h"
 148              		.file 10 "c:\\gcc_toolchain\\6_2017-q1-update\\arm-none-eabi\\include\\sys\\reent.h"
 149              		.file 11 "Drivers/STM32F4xx_HAL_Driver/Inc/stm32f4xx_hal_def.h"
 150              		.file 12 "Drivers/STM32F4xx_HAL_Driver/Inc/stm32f4xx_hal_dma.h"
 151              		.file 13 "Drivers/STM32F4xx_HAL_Driver/Inc/stm32f4xx_hal_i2s.h"
 152              		.file 14 "Drivers/STM32F4xx_HAL_Driver/Inc/stm32f4xx_hal_tim.h"
 153              		.file 15 "Drivers/STM32F4xx_HAL_Driver/Inc/stm32f4xx_ll_usb.h"
 154              		.file 16 "Drivers/STM32F4xx_HAL_Driver/Inc/stm32f4xx_hal_hcd.h"
 155              		.file 17 "Middlewares/Third_Party/FreeRTOS/Source/CMSIS_RTOS/cmsis_os.h"
ARM GAS  C:\Users\Student\AppData\Local\Temp\cc1D6FCz.s 			page 6


DEFINED SYMBOLS
                            *ABS*:00000000 stm32f4xx_it.c
C:\Users\Student\AppData\Local\Temp\cc1D6FCz.s:18     .text.DMA1_Stream7_IRQHandler:00000000 $t
C:\Users\Student\AppData\Local\Temp\cc1D6FCz.s:25     .text.DMA1_Stream7_IRQHandler:00000000 DMA1_Stream7_IRQHandler
C:\Users\Student\AppData\Local\Temp\cc1D6FCz.s:46     .text.DMA1_Stream7_IRQHandler:0000000c $d
C:\Users\Student\AppData\Local\Temp\cc1D6FCz.s:51     .text.SysTick_Handler:00000000 $t
C:\Users\Student\AppData\Local\Temp\cc1D6FCz.s:58     .text.SysTick_Handler:00000000 SysTick_Handler
C:\Users\Student\AppData\Local\Temp\cc1D6FCz.s:77     .text.TIM8_UP_TIM13_IRQHandler:00000000 $t
C:\Users\Student\AppData\Local\Temp\cc1D6FCz.s:84     .text.TIM8_UP_TIM13_IRQHandler:00000000 TIM8_UP_TIM13_IRQHandler
C:\Users\Student\AppData\Local\Temp\cc1D6FCz.s:103    .text.TIM8_UP_TIM13_IRQHandler:0000000c $d
C:\Users\Student\AppData\Local\Temp\cc1D6FCz.s:108    .text.OTG_FS_IRQHandler:00000000 $t
C:\Users\Student\AppData\Local\Temp\cc1D6FCz.s:115    .text.OTG_FS_IRQHandler:00000000 OTG_FS_IRQHandler
C:\Users\Student\AppData\Local\Temp\cc1D6FCz.s:134    .text.OTG_FS_IRQHandler:0000000c $d
                     .debug_frame:00000010 $d

UNDEFINED SYMBOLS
HAL_DMA_IRQHandler
hAudioOutI2s
osSystickHandler
HAL_TIM_IRQHandler
htim13
HAL_HCD_IRQHandler
hhcd_USB_OTG_FS
