ARM GAS  C:\Users\Student\AppData\Local\Temp\ccQgYCxj.s 			page 1


   1              		.cpu cortex-m4
   2              		.eabi_attribute 27, 1
   3              		.eabi_attribute 28, 1
   4              		.eabi_attribute 20, 1
   5              		.eabi_attribute 21, 1
   6              		.eabi_attribute 23, 3
   7              		.eabi_attribute 24, 1
   8              		.eabi_attribute 25, 1
   9              		.eabi_attribute 26, 1
  10              		.eabi_attribute 30, 1
  11              		.eabi_attribute 34, 1
  12              		.eabi_attribute 18, 4
  13              		.file	"usbh_msc_scsi.c"
  14              		.text
  15              	.Ltext0:
  16              		.cfi_sections	.debug_frame
  17              		.section	.text.USBH_MSC_SCSI_TestUnitReady,"ax",%progbits
  18              		.align	1
  19              		.global	USBH_MSC_SCSI_TestUnitReady
  20              		.syntax unified
  21              		.thumb
  22              		.thumb_func
  23              		.fpu fpv4-sp-d16
  25              	USBH_MSC_SCSI_TestUnitReady:
  26              	.LFB129:
  27              		.file 1 "Middlewares/ST/STM32_USB_Host_Library/Class/MSC/Src/usbh_msc_scsi.c"
   1:Middlewares/ST/STM32_USB_Host_Library/Class/MSC/Src/usbh_msc_scsi.c **** /**
   2:Middlewares/ST/STM32_USB_Host_Library/Class/MSC/Src/usbh_msc_scsi.c ****   ******************************************************************************
   3:Middlewares/ST/STM32_USB_Host_Library/Class/MSC/Src/usbh_msc_scsi.c ****   * @file    usbh_msc_scsi.c 
   4:Middlewares/ST/STM32_USB_Host_Library/Class/MSC/Src/usbh_msc_scsi.c ****   * @author  MCD Application Team
   5:Middlewares/ST/STM32_USB_Host_Library/Class/MSC/Src/usbh_msc_scsi.c ****   * @version V3.2.2
   6:Middlewares/ST/STM32_USB_Host_Library/Class/MSC/Src/usbh_msc_scsi.c ****   * @date    07-July-2015
   7:Middlewares/ST/STM32_USB_Host_Library/Class/MSC/Src/usbh_msc_scsi.c ****   * @brief   This file implements the SCSI commands
   8:Middlewares/ST/STM32_USB_Host_Library/Class/MSC/Src/usbh_msc_scsi.c ****   ******************************************************************************
   9:Middlewares/ST/STM32_USB_Host_Library/Class/MSC/Src/usbh_msc_scsi.c ****   * @attention
  10:Middlewares/ST/STM32_USB_Host_Library/Class/MSC/Src/usbh_msc_scsi.c ****   *
  11:Middlewares/ST/STM32_USB_Host_Library/Class/MSC/Src/usbh_msc_scsi.c ****   * <h2><center>&copy; COPYRIGHT 2015 STMicroelectronics</center></h2>
  12:Middlewares/ST/STM32_USB_Host_Library/Class/MSC/Src/usbh_msc_scsi.c ****   *
  13:Middlewares/ST/STM32_USB_Host_Library/Class/MSC/Src/usbh_msc_scsi.c ****   * Licensed under MCD-ST Liberty SW License Agreement V2, (the "License");
  14:Middlewares/ST/STM32_USB_Host_Library/Class/MSC/Src/usbh_msc_scsi.c ****   * You may not use this file except in compliance with the License.
  15:Middlewares/ST/STM32_USB_Host_Library/Class/MSC/Src/usbh_msc_scsi.c ****   * You may obtain a copy of the License at:
  16:Middlewares/ST/STM32_USB_Host_Library/Class/MSC/Src/usbh_msc_scsi.c ****   *
  17:Middlewares/ST/STM32_USB_Host_Library/Class/MSC/Src/usbh_msc_scsi.c ****   *        http://www.st.com/software_license_agreement_liberty_v2
  18:Middlewares/ST/STM32_USB_Host_Library/Class/MSC/Src/usbh_msc_scsi.c ****   *
  19:Middlewares/ST/STM32_USB_Host_Library/Class/MSC/Src/usbh_msc_scsi.c ****   * Unless required by applicable law or agreed to in writing, software 
  20:Middlewares/ST/STM32_USB_Host_Library/Class/MSC/Src/usbh_msc_scsi.c ****   * distributed under the License is distributed on an "AS IS" BASIS, 
  21:Middlewares/ST/STM32_USB_Host_Library/Class/MSC/Src/usbh_msc_scsi.c ****   * WITHOUT WARRANTIES OR CONDITIONS OF ANY KIND, either express or implied.
  22:Middlewares/ST/STM32_USB_Host_Library/Class/MSC/Src/usbh_msc_scsi.c ****   * See the License for the specific language governing permissions and
  23:Middlewares/ST/STM32_USB_Host_Library/Class/MSC/Src/usbh_msc_scsi.c ****   * limitations under the License.
  24:Middlewares/ST/STM32_USB_Host_Library/Class/MSC/Src/usbh_msc_scsi.c ****   *
  25:Middlewares/ST/STM32_USB_Host_Library/Class/MSC/Src/usbh_msc_scsi.c ****   ******************************************************************************
  26:Middlewares/ST/STM32_USB_Host_Library/Class/MSC/Src/usbh_msc_scsi.c ****   */ 
  27:Middlewares/ST/STM32_USB_Host_Library/Class/MSC/Src/usbh_msc_scsi.c **** 
  28:Middlewares/ST/STM32_USB_Host_Library/Class/MSC/Src/usbh_msc_scsi.c **** /* Includes ------------------------------------------------------------------*/
  29:Middlewares/ST/STM32_USB_Host_Library/Class/MSC/Src/usbh_msc_scsi.c **** #include "usbh_msc.h"
  30:Middlewares/ST/STM32_USB_Host_Library/Class/MSC/Src/usbh_msc_scsi.c **** #include "usbh_msc_scsi.h"
  31:Middlewares/ST/STM32_USB_Host_Library/Class/MSC/Src/usbh_msc_scsi.c **** #include "usbh_msc_bot.h"
ARM GAS  C:\Users\Student\AppData\Local\Temp\ccQgYCxj.s 			page 2


  32:Middlewares/ST/STM32_USB_Host_Library/Class/MSC/Src/usbh_msc_scsi.c **** 
  33:Middlewares/ST/STM32_USB_Host_Library/Class/MSC/Src/usbh_msc_scsi.c **** 
  34:Middlewares/ST/STM32_USB_Host_Library/Class/MSC/Src/usbh_msc_scsi.c **** /** @addtogroup USBH_LIB
  35:Middlewares/ST/STM32_USB_Host_Library/Class/MSC/Src/usbh_msc_scsi.c ****   * @{
  36:Middlewares/ST/STM32_USB_Host_Library/Class/MSC/Src/usbh_msc_scsi.c ****   */
  37:Middlewares/ST/STM32_USB_Host_Library/Class/MSC/Src/usbh_msc_scsi.c **** 
  38:Middlewares/ST/STM32_USB_Host_Library/Class/MSC/Src/usbh_msc_scsi.c **** /** @addtogroup USBH_CLASS
  39:Middlewares/ST/STM32_USB_Host_Library/Class/MSC/Src/usbh_msc_scsi.c ****   * @{
  40:Middlewares/ST/STM32_USB_Host_Library/Class/MSC/Src/usbh_msc_scsi.c ****   */
  41:Middlewares/ST/STM32_USB_Host_Library/Class/MSC/Src/usbh_msc_scsi.c **** 
  42:Middlewares/ST/STM32_USB_Host_Library/Class/MSC/Src/usbh_msc_scsi.c **** /** @addtogroup USBH_MSC_CLASS
  43:Middlewares/ST/STM32_USB_Host_Library/Class/MSC/Src/usbh_msc_scsi.c ****   * @{
  44:Middlewares/ST/STM32_USB_Host_Library/Class/MSC/Src/usbh_msc_scsi.c ****   */
  45:Middlewares/ST/STM32_USB_Host_Library/Class/MSC/Src/usbh_msc_scsi.c ****   
  46:Middlewares/ST/STM32_USB_Host_Library/Class/MSC/Src/usbh_msc_scsi.c **** /** @defgroup USBH_MSC_SCSI 
  47:Middlewares/ST/STM32_USB_Host_Library/Class/MSC/Src/usbh_msc_scsi.c ****   * @brief    This file includes the mass storage related functions
  48:Middlewares/ST/STM32_USB_Host_Library/Class/MSC/Src/usbh_msc_scsi.c ****   * @{
  49:Middlewares/ST/STM32_USB_Host_Library/Class/MSC/Src/usbh_msc_scsi.c ****   */ 
  50:Middlewares/ST/STM32_USB_Host_Library/Class/MSC/Src/usbh_msc_scsi.c **** 
  51:Middlewares/ST/STM32_USB_Host_Library/Class/MSC/Src/usbh_msc_scsi.c **** 
  52:Middlewares/ST/STM32_USB_Host_Library/Class/MSC/Src/usbh_msc_scsi.c **** /** @defgroup USBH_MSC_SCSI_Private_TypesDefinitions
  53:Middlewares/ST/STM32_USB_Host_Library/Class/MSC/Src/usbh_msc_scsi.c ****   * @{
  54:Middlewares/ST/STM32_USB_Host_Library/Class/MSC/Src/usbh_msc_scsi.c ****   */ 
  55:Middlewares/ST/STM32_USB_Host_Library/Class/MSC/Src/usbh_msc_scsi.c **** 
  56:Middlewares/ST/STM32_USB_Host_Library/Class/MSC/Src/usbh_msc_scsi.c **** /**
  57:Middlewares/ST/STM32_USB_Host_Library/Class/MSC/Src/usbh_msc_scsi.c ****   * @}
  58:Middlewares/ST/STM32_USB_Host_Library/Class/MSC/Src/usbh_msc_scsi.c ****   */ 
  59:Middlewares/ST/STM32_USB_Host_Library/Class/MSC/Src/usbh_msc_scsi.c **** 
  60:Middlewares/ST/STM32_USB_Host_Library/Class/MSC/Src/usbh_msc_scsi.c **** /** @defgroup USBH_MSC_SCSI_Private_Defines
  61:Middlewares/ST/STM32_USB_Host_Library/Class/MSC/Src/usbh_msc_scsi.c ****   * @{
  62:Middlewares/ST/STM32_USB_Host_Library/Class/MSC/Src/usbh_msc_scsi.c ****   */ 
  63:Middlewares/ST/STM32_USB_Host_Library/Class/MSC/Src/usbh_msc_scsi.c **** /**
  64:Middlewares/ST/STM32_USB_Host_Library/Class/MSC/Src/usbh_msc_scsi.c ****   * @}
  65:Middlewares/ST/STM32_USB_Host_Library/Class/MSC/Src/usbh_msc_scsi.c ****   */ 
  66:Middlewares/ST/STM32_USB_Host_Library/Class/MSC/Src/usbh_msc_scsi.c **** 
  67:Middlewares/ST/STM32_USB_Host_Library/Class/MSC/Src/usbh_msc_scsi.c **** /** @defgroup USBH_MSC_SCSI_Private_Macros
  68:Middlewares/ST/STM32_USB_Host_Library/Class/MSC/Src/usbh_msc_scsi.c ****   * @{
  69:Middlewares/ST/STM32_USB_Host_Library/Class/MSC/Src/usbh_msc_scsi.c ****   */ 
  70:Middlewares/ST/STM32_USB_Host_Library/Class/MSC/Src/usbh_msc_scsi.c **** /**
  71:Middlewares/ST/STM32_USB_Host_Library/Class/MSC/Src/usbh_msc_scsi.c ****   * @}
  72:Middlewares/ST/STM32_USB_Host_Library/Class/MSC/Src/usbh_msc_scsi.c ****   */ 
  73:Middlewares/ST/STM32_USB_Host_Library/Class/MSC/Src/usbh_msc_scsi.c **** 
  74:Middlewares/ST/STM32_USB_Host_Library/Class/MSC/Src/usbh_msc_scsi.c **** 
  75:Middlewares/ST/STM32_USB_Host_Library/Class/MSC/Src/usbh_msc_scsi.c **** /** @defgroup USBH_MSC_SCSI_Private_FunctionPrototypes
  76:Middlewares/ST/STM32_USB_Host_Library/Class/MSC/Src/usbh_msc_scsi.c ****   * @{
  77:Middlewares/ST/STM32_USB_Host_Library/Class/MSC/Src/usbh_msc_scsi.c ****   */ 
  78:Middlewares/ST/STM32_USB_Host_Library/Class/MSC/Src/usbh_msc_scsi.c **** /**
  79:Middlewares/ST/STM32_USB_Host_Library/Class/MSC/Src/usbh_msc_scsi.c ****   * @}
  80:Middlewares/ST/STM32_USB_Host_Library/Class/MSC/Src/usbh_msc_scsi.c ****   */ 
  81:Middlewares/ST/STM32_USB_Host_Library/Class/MSC/Src/usbh_msc_scsi.c **** 
  82:Middlewares/ST/STM32_USB_Host_Library/Class/MSC/Src/usbh_msc_scsi.c **** 
  83:Middlewares/ST/STM32_USB_Host_Library/Class/MSC/Src/usbh_msc_scsi.c **** /** @defgroup USBH_MSC_SCSI_Exported_Variables
  84:Middlewares/ST/STM32_USB_Host_Library/Class/MSC/Src/usbh_msc_scsi.c ****   * @{
  85:Middlewares/ST/STM32_USB_Host_Library/Class/MSC/Src/usbh_msc_scsi.c ****   */ 
  86:Middlewares/ST/STM32_USB_Host_Library/Class/MSC/Src/usbh_msc_scsi.c **** 
  87:Middlewares/ST/STM32_USB_Host_Library/Class/MSC/Src/usbh_msc_scsi.c **** /**
  88:Middlewares/ST/STM32_USB_Host_Library/Class/MSC/Src/usbh_msc_scsi.c ****   * @}
ARM GAS  C:\Users\Student\AppData\Local\Temp\ccQgYCxj.s 			page 3


  89:Middlewares/ST/STM32_USB_Host_Library/Class/MSC/Src/usbh_msc_scsi.c ****   */ 
  90:Middlewares/ST/STM32_USB_Host_Library/Class/MSC/Src/usbh_msc_scsi.c **** 
  91:Middlewares/ST/STM32_USB_Host_Library/Class/MSC/Src/usbh_msc_scsi.c **** 
  92:Middlewares/ST/STM32_USB_Host_Library/Class/MSC/Src/usbh_msc_scsi.c **** /** @defgroup USBH_MSC_SCSI_Private_Functions
  93:Middlewares/ST/STM32_USB_Host_Library/Class/MSC/Src/usbh_msc_scsi.c ****   * @{
  94:Middlewares/ST/STM32_USB_Host_Library/Class/MSC/Src/usbh_msc_scsi.c ****   */ 
  95:Middlewares/ST/STM32_USB_Host_Library/Class/MSC/Src/usbh_msc_scsi.c **** 
  96:Middlewares/ST/STM32_USB_Host_Library/Class/MSC/Src/usbh_msc_scsi.c **** 
  97:Middlewares/ST/STM32_USB_Host_Library/Class/MSC/Src/usbh_msc_scsi.c **** /**
  98:Middlewares/ST/STM32_USB_Host_Library/Class/MSC/Src/usbh_msc_scsi.c ****   * @brief  USBH_MSC_SCSI_TestUnitReady 
  99:Middlewares/ST/STM32_USB_Host_Library/Class/MSC/Src/usbh_msc_scsi.c ****   *         Issue TestUnitReady command.
 100:Middlewares/ST/STM32_USB_Host_Library/Class/MSC/Src/usbh_msc_scsi.c ****   * @param  phost: Host handle
 101:Middlewares/ST/STM32_USB_Host_Library/Class/MSC/Src/usbh_msc_scsi.c ****   * @param  lun: Logical Unit Number
 102:Middlewares/ST/STM32_USB_Host_Library/Class/MSC/Src/usbh_msc_scsi.c ****   * @retval USBH Status
 103:Middlewares/ST/STM32_USB_Host_Library/Class/MSC/Src/usbh_msc_scsi.c ****   */
 104:Middlewares/ST/STM32_USB_Host_Library/Class/MSC/Src/usbh_msc_scsi.c **** USBH_StatusTypeDef USBH_MSC_SCSI_TestUnitReady (USBH_HandleTypeDef *phost, 
 105:Middlewares/ST/STM32_USB_Host_Library/Class/MSC/Src/usbh_msc_scsi.c ****                                                 uint8_t lun)
 106:Middlewares/ST/STM32_USB_Host_Library/Class/MSC/Src/usbh_msc_scsi.c **** {
  28              		.loc 1 106 0
  29              		.cfi_startproc
  30              		@ args = 0, pretend = 0, frame = 0
  31              		@ frame_needed = 0, uses_anonymous_args = 0
  32              	.LVL0:
  33 0000 08B5     		push	{r3, lr}
  34              	.LCFI0:
  35              		.cfi_def_cfa_offset 8
  36              		.cfi_offset 3, -8
  37              		.cfi_offset 14, -4
  38              	.LVL1:
 107:Middlewares/ST/STM32_USB_Host_Library/Class/MSC/Src/usbh_msc_scsi.c ****   USBH_StatusTypeDef    error = USBH_FAIL ;
 108:Middlewares/ST/STM32_USB_Host_Library/Class/MSC/Src/usbh_msc_scsi.c ****   MSC_HandleTypeDef *MSC_Handle =  (MSC_HandleTypeDef *) phost->pActiveClass->pData;
  39              		.loc 1 108 0
  40 0002 D0F87433 		ldr	r3, [r0, #884]
  41 0006 DB69     		ldr	r3, [r3, #28]
  42              	.LVL2:
 109:Middlewares/ST/STM32_USB_Host_Library/Class/MSC/Src/usbh_msc_scsi.c ****   
 110:Middlewares/ST/STM32_USB_Host_Library/Class/MSC/Src/usbh_msc_scsi.c ****   switch(MSC_Handle->hbot.cmd_state)
  43              		.loc 1 110 0
  44 0008 93F85220 		ldrb	r2, [r3, #82]	@ zero_extendqisi2
  45 000c 012A     		cmp	r2, #1
  46 000e 03D0     		beq	.L3
  47 0010 022A     		cmp	r2, #2
  48 0012 19D0     		beq	.L4
 107:Middlewares/ST/STM32_USB_Host_Library/Class/MSC/Src/usbh_msc_scsi.c ****   USBH_StatusTypeDef    error = USBH_FAIL ;
  49              		.loc 1 107 0
  50 0014 0220     		movs	r0, #2
  51              	.LVL3:
 111:Middlewares/ST/STM32_USB_Host_Library/Class/MSC/Src/usbh_msc_scsi.c ****   {
 112:Middlewares/ST/STM32_USB_Host_Library/Class/MSC/Src/usbh_msc_scsi.c ****   case BOT_CMD_SEND:  
 113:Middlewares/ST/STM32_USB_Host_Library/Class/MSC/Src/usbh_msc_scsi.c ****     
 114:Middlewares/ST/STM32_USB_Host_Library/Class/MSC/Src/usbh_msc_scsi.c ****     /*Prepare the CBW and relevent field*/
 115:Middlewares/ST/STM32_USB_Host_Library/Class/MSC/Src/usbh_msc_scsi.c ****     MSC_Handle->hbot.cbw.field.DataTransferLength = DATA_LEN_MODE_TEST_UNIT_READY;     
 116:Middlewares/ST/STM32_USB_Host_Library/Class/MSC/Src/usbh_msc_scsi.c ****     MSC_Handle->hbot.cbw.field.Flags = USB_EP_DIR_OUT;
 117:Middlewares/ST/STM32_USB_Host_Library/Class/MSC/Src/usbh_msc_scsi.c ****     MSC_Handle->hbot.cbw.field.CBLength = CBW_LENGTH;
 118:Middlewares/ST/STM32_USB_Host_Library/Class/MSC/Src/usbh_msc_scsi.c ****     
 119:Middlewares/ST/STM32_USB_Host_Library/Class/MSC/Src/usbh_msc_scsi.c ****     USBH_memset(MSC_Handle->hbot.cbw.field.CB, 0, CBW_CB_LENGTH);
 120:Middlewares/ST/STM32_USB_Host_Library/Class/MSC/Src/usbh_msc_scsi.c ****     MSC_Handle->hbot.cbw.field.CB[0]  = OPCODE_TEST_UNIT_READY; 
ARM GAS  C:\Users\Student\AppData\Local\Temp\ccQgYCxj.s 			page 4


 121:Middlewares/ST/STM32_USB_Host_Library/Class/MSC/Src/usbh_msc_scsi.c ****     
 122:Middlewares/ST/STM32_USB_Host_Library/Class/MSC/Src/usbh_msc_scsi.c ****     MSC_Handle->hbot.state = BOT_SEND_CBW;
 123:Middlewares/ST/STM32_USB_Host_Library/Class/MSC/Src/usbh_msc_scsi.c ****     MSC_Handle->hbot.cmd_state = BOT_CMD_WAIT;
 124:Middlewares/ST/STM32_USB_Host_Library/Class/MSC/Src/usbh_msc_scsi.c ****     error = USBH_BUSY; 
 125:Middlewares/ST/STM32_USB_Host_Library/Class/MSC/Src/usbh_msc_scsi.c ****     break;
 126:Middlewares/ST/STM32_USB_Host_Library/Class/MSC/Src/usbh_msc_scsi.c ****     
 127:Middlewares/ST/STM32_USB_Host_Library/Class/MSC/Src/usbh_msc_scsi.c ****   case BOT_CMD_WAIT: 
 128:Middlewares/ST/STM32_USB_Host_Library/Class/MSC/Src/usbh_msc_scsi.c ****     error = USBH_MSC_BOT_Process(phost, lun);
 129:Middlewares/ST/STM32_USB_Host_Library/Class/MSC/Src/usbh_msc_scsi.c ****     break;
 130:Middlewares/ST/STM32_USB_Host_Library/Class/MSC/Src/usbh_msc_scsi.c ****     
 131:Middlewares/ST/STM32_USB_Host_Library/Class/MSC/Src/usbh_msc_scsi.c ****   default:
 132:Middlewares/ST/STM32_USB_Host_Library/Class/MSC/Src/usbh_msc_scsi.c ****     break;
 133:Middlewares/ST/STM32_USB_Host_Library/Class/MSC/Src/usbh_msc_scsi.c ****   }
 134:Middlewares/ST/STM32_USB_Host_Library/Class/MSC/Src/usbh_msc_scsi.c ****   
 135:Middlewares/ST/STM32_USB_Host_Library/Class/MSC/Src/usbh_msc_scsi.c ****   return error;
 136:Middlewares/ST/STM32_USB_Host_Library/Class/MSC/Src/usbh_msc_scsi.c **** }
  52              		.loc 1 136 0
  53 0016 08BD     		pop	{r3, pc}
  54              	.LVL4:
  55              	.L3:
 115:Middlewares/ST/STM32_USB_Host_Library/Class/MSC/Src/usbh_msc_scsi.c ****     MSC_Handle->hbot.cbw.field.Flags = USB_EP_DIR_OUT;
  56              		.loc 1 115 0
  57 0018 0022     		movs	r2, #0
  58 001a DA65     		str	r2, [r3, #92]
 116:Middlewares/ST/STM32_USB_Host_Library/Class/MSC/Src/usbh_msc_scsi.c ****     MSC_Handle->hbot.cbw.field.CBLength = CBW_LENGTH;
  59              		.loc 1 116 0
  60 001c 83F86020 		strb	r2, [r3, #96]
 117:Middlewares/ST/STM32_USB_Host_Library/Class/MSC/Src/usbh_msc_scsi.c ****     
  61              		.loc 1 117 0
  62 0020 0A21     		movs	r1, #10
  63              	.LVL5:
  64 0022 83F86210 		strb	r1, [r3, #98]
 119:Middlewares/ST/STM32_USB_Host_Library/Class/MSC/Src/usbh_msc_scsi.c ****     MSC_Handle->hbot.cbw.field.CB[0]  = OPCODE_TEST_UNIT_READY; 
  65              		.loc 1 119 0
  66 0026 C3F86320 		str	r2, [r3, #99]	@ unaligned
  67 002a C3F86720 		str	r2, [r3, #103]	@ unaligned
  68 002e C3F86B20 		str	r2, [r3, #107]	@ unaligned
  69 0032 C3F86F20 		str	r2, [r3, #111]	@ unaligned
 120:Middlewares/ST/STM32_USB_Host_Library/Class/MSC/Src/usbh_msc_scsi.c ****     
  70              		.loc 1 120 0
  71 0036 83F86320 		strb	r2, [r3, #99]
 122:Middlewares/ST/STM32_USB_Host_Library/Class/MSC/Src/usbh_msc_scsi.c ****     MSC_Handle->hbot.cmd_state = BOT_CMD_WAIT;
  72              		.loc 1 122 0
  73 003a 0120     		movs	r0, #1
  74              	.LVL6:
  75 003c 83F85000 		strb	r0, [r3, #80]
 123:Middlewares/ST/STM32_USB_Host_Library/Class/MSC/Src/usbh_msc_scsi.c ****     error = USBH_BUSY; 
  76              		.loc 1 123 0
  77 0040 0222     		movs	r2, #2
  78 0042 83F85220 		strb	r2, [r3, #82]
  79              	.LVL7:
 125:Middlewares/ST/STM32_USB_Host_Library/Class/MSC/Src/usbh_msc_scsi.c ****     
  80              		.loc 1 125 0
  81 0046 08BD     		pop	{r3, pc}
  82              	.LVL8:
  83              	.L4:
 128:Middlewares/ST/STM32_USB_Host_Library/Class/MSC/Src/usbh_msc_scsi.c ****     break;
ARM GAS  C:\Users\Student\AppData\Local\Temp\ccQgYCxj.s 			page 5


  84              		.loc 1 128 0
  85 0048 FFF7FEFF 		bl	USBH_MSC_BOT_Process
  86              	.LVL9:
 129:Middlewares/ST/STM32_USB_Host_Library/Class/MSC/Src/usbh_msc_scsi.c ****     
  87              		.loc 1 129 0
  88 004c 08BD     		pop	{r3, pc}
  89              		.cfi_endproc
  90              	.LFE129:
  92              		.section	.text.USBH_MSC_SCSI_ReadCapacity,"ax",%progbits
  93              		.align	1
  94              		.global	USBH_MSC_SCSI_ReadCapacity
  95              		.syntax unified
  96              		.thumb
  97              		.thumb_func
  98              		.fpu fpv4-sp-d16
 100              	USBH_MSC_SCSI_ReadCapacity:
 101              	.LFB130:
 137:Middlewares/ST/STM32_USB_Host_Library/Class/MSC/Src/usbh_msc_scsi.c **** 
 138:Middlewares/ST/STM32_USB_Host_Library/Class/MSC/Src/usbh_msc_scsi.c **** /**
 139:Middlewares/ST/STM32_USB_Host_Library/Class/MSC/Src/usbh_msc_scsi.c ****   * @brief  USBH_MSC_SCSI_ReadCapacity 
 140:Middlewares/ST/STM32_USB_Host_Library/Class/MSC/Src/usbh_msc_scsi.c ****   *         Issue Read Capacity command.
 141:Middlewares/ST/STM32_USB_Host_Library/Class/MSC/Src/usbh_msc_scsi.c ****   * @param  phost: Host handle
 142:Middlewares/ST/STM32_USB_Host_Library/Class/MSC/Src/usbh_msc_scsi.c ****   * @param  lun: Logical Unit Number
 143:Middlewares/ST/STM32_USB_Host_Library/Class/MSC/Src/usbh_msc_scsi.c ****   * @param  capacity: pointer to the capacity structure
 144:Middlewares/ST/STM32_USB_Host_Library/Class/MSC/Src/usbh_msc_scsi.c ****   * @retval USBH Status
 145:Middlewares/ST/STM32_USB_Host_Library/Class/MSC/Src/usbh_msc_scsi.c ****   */
 146:Middlewares/ST/STM32_USB_Host_Library/Class/MSC/Src/usbh_msc_scsi.c **** USBH_StatusTypeDef USBH_MSC_SCSI_ReadCapacity (USBH_HandleTypeDef *phost, 
 147:Middlewares/ST/STM32_USB_Host_Library/Class/MSC/Src/usbh_msc_scsi.c ****                                                uint8_t lun,
 148:Middlewares/ST/STM32_USB_Host_Library/Class/MSC/Src/usbh_msc_scsi.c ****                                                SCSI_CapacityTypeDef *capacity)
 149:Middlewares/ST/STM32_USB_Host_Library/Class/MSC/Src/usbh_msc_scsi.c **** {
 102              		.loc 1 149 0
 103              		.cfi_startproc
 104              		@ args = 0, pretend = 0, frame = 0
 105              		@ frame_needed = 0, uses_anonymous_args = 0
 106              	.LVL10:
 107 0000 38B5     		push	{r3, r4, r5, lr}
 108              	.LCFI1:
 109              		.cfi_def_cfa_offset 16
 110              		.cfi_offset 3, -16
 111              		.cfi_offset 4, -12
 112              		.cfi_offset 5, -8
 113              		.cfi_offset 14, -4
 114              	.LVL11:
 150:Middlewares/ST/STM32_USB_Host_Library/Class/MSC/Src/usbh_msc_scsi.c ****   USBH_StatusTypeDef    error = USBH_BUSY ;
 151:Middlewares/ST/STM32_USB_Host_Library/Class/MSC/Src/usbh_msc_scsi.c ****   MSC_HandleTypeDef *MSC_Handle =  (MSC_HandleTypeDef *) phost->pActiveClass->pData;
 115              		.loc 1 151 0
 116 0002 D0F87433 		ldr	r3, [r0, #884]
 117 0006 DC69     		ldr	r4, [r3, #28]
 118              	.LVL12:
 152:Middlewares/ST/STM32_USB_Host_Library/Class/MSC/Src/usbh_msc_scsi.c ****   
 153:Middlewares/ST/STM32_USB_Host_Library/Class/MSC/Src/usbh_msc_scsi.c ****   switch(MSC_Handle->hbot.cmd_state)
 119              		.loc 1 153 0
 120 0008 94F85230 		ldrb	r3, [r4, #82]	@ zero_extendqisi2
 121 000c 012B     		cmp	r3, #1
 122 000e 03D0     		beq	.L10
 123 0010 022B     		cmp	r3, #2
 124 0012 21D0     		beq	.L11
ARM GAS  C:\Users\Student\AppData\Local\Temp\ccQgYCxj.s 			page 6


 150:Middlewares/ST/STM32_USB_Host_Library/Class/MSC/Src/usbh_msc_scsi.c ****   USBH_StatusTypeDef    error = USBH_BUSY ;
 125              		.loc 1 150 0
 126 0014 0123     		movs	r3, #1
 127 0016 1DE0     		b	.L9
 128              	.L10:
 154:Middlewares/ST/STM32_USB_Host_Library/Class/MSC/Src/usbh_msc_scsi.c ****   {
 155:Middlewares/ST/STM32_USB_Host_Library/Class/MSC/Src/usbh_msc_scsi.c ****   case BOT_CMD_SEND:  
 156:Middlewares/ST/STM32_USB_Host_Library/Class/MSC/Src/usbh_msc_scsi.c ****     
 157:Middlewares/ST/STM32_USB_Host_Library/Class/MSC/Src/usbh_msc_scsi.c ****     /*Prepare the CBW and relevent field*/
 158:Middlewares/ST/STM32_USB_Host_Library/Class/MSC/Src/usbh_msc_scsi.c ****     MSC_Handle->hbot.cbw.field.DataTransferLength = DATA_LEN_READ_CAPACITY10;
 129              		.loc 1 158 0
 130 0018 0823     		movs	r3, #8
 131 001a E365     		str	r3, [r4, #92]
 159:Middlewares/ST/STM32_USB_Host_Library/Class/MSC/Src/usbh_msc_scsi.c ****     MSC_Handle->hbot.cbw.field.Flags = USB_EP_DIR_IN;
 132              		.loc 1 159 0
 133 001c 8023     		movs	r3, #128
 134 001e 84F86030 		strb	r3, [r4, #96]
 160:Middlewares/ST/STM32_USB_Host_Library/Class/MSC/Src/usbh_msc_scsi.c ****     MSC_Handle->hbot.cbw.field.CBLength = CBW_LENGTH;
 135              		.loc 1 160 0
 136 0022 0A23     		movs	r3, #10
 137 0024 84F86230 		strb	r3, [r4, #98]
 161:Middlewares/ST/STM32_USB_Host_Library/Class/MSC/Src/usbh_msc_scsi.c ****     
 162:Middlewares/ST/STM32_USB_Host_Library/Class/MSC/Src/usbh_msc_scsi.c ****     USBH_memset(MSC_Handle->hbot.cbw.field.CB, 0, CBW_CB_LENGTH);
 138              		.loc 1 162 0
 139 0028 0023     		movs	r3, #0
 140 002a C4F86330 		str	r3, [r4, #99]	@ unaligned
 141 002e C4F86730 		str	r3, [r4, #103]	@ unaligned
 142 0032 C4F86B30 		str	r3, [r4, #107]	@ unaligned
 143 0036 C4F86F30 		str	r3, [r4, #111]	@ unaligned
 163:Middlewares/ST/STM32_USB_Host_Library/Class/MSC/Src/usbh_msc_scsi.c ****     MSC_Handle->hbot.cbw.field.CB[0]  = OPCODE_READ_CAPACITY10; 
 144              		.loc 1 163 0
 145 003a 2523     		movs	r3, #37
 146 003c 84F86330 		strb	r3, [r4, #99]
 164:Middlewares/ST/STM32_USB_Host_Library/Class/MSC/Src/usbh_msc_scsi.c ****     
 165:Middlewares/ST/STM32_USB_Host_Library/Class/MSC/Src/usbh_msc_scsi.c ****     MSC_Handle->hbot.state = BOT_SEND_CBW;
 147              		.loc 1 165 0
 148 0040 0123     		movs	r3, #1
 149 0042 84F85030 		strb	r3, [r4, #80]
 166:Middlewares/ST/STM32_USB_Host_Library/Class/MSC/Src/usbh_msc_scsi.c ****     
 167:Middlewares/ST/STM32_USB_Host_Library/Class/MSC/Src/usbh_msc_scsi.c ****     MSC_Handle->hbot.cmd_state = BOT_CMD_WAIT;
 150              		.loc 1 167 0
 151 0046 0222     		movs	r2, #2
 152              	.LVL13:
 153 0048 84F85220 		strb	r2, [r4, #82]
 168:Middlewares/ST/STM32_USB_Host_Library/Class/MSC/Src/usbh_msc_scsi.c ****     MSC_Handle->hbot.pbuf = (uint8_t *)MSC_Handle->hbot.data;
 154              		.loc 1 168 0
 155 004c 04F11002 		add	r2, r4, #16
 156 0050 C4F88C20 		str	r2, [r4, #140]
 157              	.LVL14:
 158              	.L9:
 169:Middlewares/ST/STM32_USB_Host_Library/Class/MSC/Src/usbh_msc_scsi.c ****     error = USBH_BUSY; 
 170:Middlewares/ST/STM32_USB_Host_Library/Class/MSC/Src/usbh_msc_scsi.c ****     break;
 171:Middlewares/ST/STM32_USB_Host_Library/Class/MSC/Src/usbh_msc_scsi.c ****     
 172:Middlewares/ST/STM32_USB_Host_Library/Class/MSC/Src/usbh_msc_scsi.c ****   case BOT_CMD_WAIT: 
 173:Middlewares/ST/STM32_USB_Host_Library/Class/MSC/Src/usbh_msc_scsi.c ****     
 174:Middlewares/ST/STM32_USB_Host_Library/Class/MSC/Src/usbh_msc_scsi.c ****     error = USBH_MSC_BOT_Process(phost, lun);
 175:Middlewares/ST/STM32_USB_Host_Library/Class/MSC/Src/usbh_msc_scsi.c ****     
ARM GAS  C:\Users\Student\AppData\Local\Temp\ccQgYCxj.s 			page 7


 176:Middlewares/ST/STM32_USB_Host_Library/Class/MSC/Src/usbh_msc_scsi.c ****     if(error == USBH_OK)
 177:Middlewares/ST/STM32_USB_Host_Library/Class/MSC/Src/usbh_msc_scsi.c ****     {
 178:Middlewares/ST/STM32_USB_Host_Library/Class/MSC/Src/usbh_msc_scsi.c ****       /*assign the capacity*/
 179:Middlewares/ST/STM32_USB_Host_Library/Class/MSC/Src/usbh_msc_scsi.c ****       capacity->block_nbr = MSC_Handle->hbot.pbuf[3] | (MSC_Handle->hbot.pbuf[2] << 8) |\
 180:Middlewares/ST/STM32_USB_Host_Library/Class/MSC/Src/usbh_msc_scsi.c ****                            (MSC_Handle->hbot.pbuf[1] << 16) | (MSC_Handle->hbot.pbuf[0] << 24);
 181:Middlewares/ST/STM32_USB_Host_Library/Class/MSC/Src/usbh_msc_scsi.c **** 
 182:Middlewares/ST/STM32_USB_Host_Library/Class/MSC/Src/usbh_msc_scsi.c ****       /*assign the page length*/
 183:Middlewares/ST/STM32_USB_Host_Library/Class/MSC/Src/usbh_msc_scsi.c ****       capacity->block_size = MSC_Handle->hbot.pbuf[7] | (MSC_Handle->hbot.pbuf[6] << 8); 
 184:Middlewares/ST/STM32_USB_Host_Library/Class/MSC/Src/usbh_msc_scsi.c ****     }
 185:Middlewares/ST/STM32_USB_Host_Library/Class/MSC/Src/usbh_msc_scsi.c ****     break;
 186:Middlewares/ST/STM32_USB_Host_Library/Class/MSC/Src/usbh_msc_scsi.c ****     
 187:Middlewares/ST/STM32_USB_Host_Library/Class/MSC/Src/usbh_msc_scsi.c ****   default:
 188:Middlewares/ST/STM32_USB_Host_Library/Class/MSC/Src/usbh_msc_scsi.c ****     break;
 189:Middlewares/ST/STM32_USB_Host_Library/Class/MSC/Src/usbh_msc_scsi.c ****   }
 190:Middlewares/ST/STM32_USB_Host_Library/Class/MSC/Src/usbh_msc_scsi.c ****   
 191:Middlewares/ST/STM32_USB_Host_Library/Class/MSC/Src/usbh_msc_scsi.c ****   return error;
 192:Middlewares/ST/STM32_USB_Host_Library/Class/MSC/Src/usbh_msc_scsi.c **** }
 159              		.loc 1 192 0
 160 0054 1846     		mov	r0, r3
 161 0056 38BD     		pop	{r3, r4, r5, pc}
 162              	.LVL15:
 163              	.L11:
 164 0058 1546     		mov	r5, r2
 174:Middlewares/ST/STM32_USB_Host_Library/Class/MSC/Src/usbh_msc_scsi.c ****     
 165              		.loc 1 174 0
 166 005a FFF7FEFF 		bl	USBH_MSC_BOT_Process
 167              	.LVL16:
 176:Middlewares/ST/STM32_USB_Host_Library/Class/MSC/Src/usbh_msc_scsi.c ****     {
 168              		.loc 1 176 0
 169 005e 0346     		mov	r3, r0
 170 0060 0028     		cmp	r0, #0
 171 0062 F7D1     		bne	.L9
 179:Middlewares/ST/STM32_USB_Host_Library/Class/MSC/Src/usbh_msc_scsi.c ****                            (MSC_Handle->hbot.pbuf[1] << 16) | (MSC_Handle->hbot.pbuf[0] << 24);
 172              		.loc 1 179 0
 173 0064 D4F88C10 		ldr	r1, [r4, #140]
 174 0068 CA78     		ldrb	r2, [r1, #3]	@ zero_extendqisi2
 175 006a 8878     		ldrb	r0, [r1, #2]	@ zero_extendqisi2
 176              	.LVL17:
 177 006c 42EA0022 		orr	r2, r2, r0, lsl #8
 180:Middlewares/ST/STM32_USB_Host_Library/Class/MSC/Src/usbh_msc_scsi.c **** 
 178              		.loc 1 180 0
 179 0070 4878     		ldrb	r0, [r1, #1]	@ zero_extendqisi2
 179:Middlewares/ST/STM32_USB_Host_Library/Class/MSC/Src/usbh_msc_scsi.c ****                            (MSC_Handle->hbot.pbuf[1] << 16) | (MSC_Handle->hbot.pbuf[0] << 24);
 180              		.loc 1 179 0
 181 0072 42EA0042 		orr	r2, r2, r0, lsl #16
 180:Middlewares/ST/STM32_USB_Host_Library/Class/MSC/Src/usbh_msc_scsi.c **** 
 182              		.loc 1 180 0
 183 0076 0978     		ldrb	r1, [r1]	@ zero_extendqisi2
 184 0078 42EA0162 		orr	r2, r2, r1, lsl #24
 179:Middlewares/ST/STM32_USB_Host_Library/Class/MSC/Src/usbh_msc_scsi.c ****                            (MSC_Handle->hbot.pbuf[1] << 16) | (MSC_Handle->hbot.pbuf[0] << 24);
 185              		.loc 1 179 0
 186 007c 2A60     		str	r2, [r5]
 183:Middlewares/ST/STM32_USB_Host_Library/Class/MSC/Src/usbh_msc_scsi.c ****     }
 187              		.loc 1 183 0
 188 007e D4F88C10 		ldr	r1, [r4, #140]
 189 0082 CA79     		ldrb	r2, [r1, #7]	@ zero_extendqisi2
 190 0084 8979     		ldrb	r1, [r1, #6]	@ zero_extendqisi2
ARM GAS  C:\Users\Student\AppData\Local\Temp\ccQgYCxj.s 			page 8


 191 0086 42EA0122 		orr	r2, r2, r1, lsl #8
 192 008a AA80     		strh	r2, [r5, #4]	@ movhi
 193 008c E2E7     		b	.L9
 194              		.cfi_endproc
 195              	.LFE130:
 197              		.section	.text.USBH_MSC_SCSI_Inquiry,"ax",%progbits
 198              		.align	1
 199              		.global	USBH_MSC_SCSI_Inquiry
 200              		.syntax unified
 201              		.thumb
 202              		.thumb_func
 203              		.fpu fpv4-sp-d16
 205              	USBH_MSC_SCSI_Inquiry:
 206              	.LFB131:
 193:Middlewares/ST/STM32_USB_Host_Library/Class/MSC/Src/usbh_msc_scsi.c **** 
 194:Middlewares/ST/STM32_USB_Host_Library/Class/MSC/Src/usbh_msc_scsi.c **** /**
 195:Middlewares/ST/STM32_USB_Host_Library/Class/MSC/Src/usbh_msc_scsi.c ****   * @brief  USBH_MSC_SCSI_Inquiry 
 196:Middlewares/ST/STM32_USB_Host_Library/Class/MSC/Src/usbh_msc_scsi.c ****   *         Issue Inquiry command.
 197:Middlewares/ST/STM32_USB_Host_Library/Class/MSC/Src/usbh_msc_scsi.c ****   * @param  phost: Host handle
 198:Middlewares/ST/STM32_USB_Host_Library/Class/MSC/Src/usbh_msc_scsi.c ****   * @param  lun: Logical Unit Number
 199:Middlewares/ST/STM32_USB_Host_Library/Class/MSC/Src/usbh_msc_scsi.c ****   * @param  capacity: pointer to the inquiry structure
 200:Middlewares/ST/STM32_USB_Host_Library/Class/MSC/Src/usbh_msc_scsi.c ****   * @retval USBH Status
 201:Middlewares/ST/STM32_USB_Host_Library/Class/MSC/Src/usbh_msc_scsi.c ****   */
 202:Middlewares/ST/STM32_USB_Host_Library/Class/MSC/Src/usbh_msc_scsi.c **** USBH_StatusTypeDef USBH_MSC_SCSI_Inquiry (USBH_HandleTypeDef *phost, 
 203:Middlewares/ST/STM32_USB_Host_Library/Class/MSC/Src/usbh_msc_scsi.c ****                                                uint8_t lun, 
 204:Middlewares/ST/STM32_USB_Host_Library/Class/MSC/Src/usbh_msc_scsi.c ****                                                SCSI_StdInquiryDataTypeDef *inquiry)
 205:Middlewares/ST/STM32_USB_Host_Library/Class/MSC/Src/usbh_msc_scsi.c **** {
 207              		.loc 1 205 0
 208              		.cfi_startproc
 209              		@ args = 0, pretend = 0, frame = 0
 210              		@ frame_needed = 0, uses_anonymous_args = 0
 211              	.LVL18:
 212 0000 F8B5     		push	{r3, r4, r5, r6, r7, lr}
 213              	.LCFI2:
 214              		.cfi_def_cfa_offset 24
 215              		.cfi_offset 3, -24
 216              		.cfi_offset 4, -20
 217              		.cfi_offset 5, -16
 218              		.cfi_offset 6, -12
 219              		.cfi_offset 7, -8
 220              		.cfi_offset 14, -4
 221              	.LVL19:
 206:Middlewares/ST/STM32_USB_Host_Library/Class/MSC/Src/usbh_msc_scsi.c ****   USBH_StatusTypeDef    error = USBH_FAIL ;
 207:Middlewares/ST/STM32_USB_Host_Library/Class/MSC/Src/usbh_msc_scsi.c ****   MSC_HandleTypeDef *MSC_Handle =  (MSC_HandleTypeDef *) phost->pActiveClass->pData;
 222              		.loc 1 207 0
 223 0002 D0F87433 		ldr	r3, [r0, #884]
 224 0006 DC69     		ldr	r4, [r3, #28]
 225              	.LVL20:
 208:Middlewares/ST/STM32_USB_Host_Library/Class/MSC/Src/usbh_msc_scsi.c ****   switch(MSC_Handle->hbot.cmd_state)
 226              		.loc 1 208 0
 227 0008 94F85230 		ldrb	r3, [r4, #82]	@ zero_extendqisi2
 228 000c 012B     		cmp	r3, #1
 229 000e 03D0     		beq	.L17
 230 0010 022B     		cmp	r3, #2
 231 0012 28D0     		beq	.L18
 206:Middlewares/ST/STM32_USB_Host_Library/Class/MSC/Src/usbh_msc_scsi.c ****   USBH_StatusTypeDef    error = USBH_FAIL ;
 232              		.loc 1 206 0
ARM GAS  C:\Users\Student\AppData\Local\Temp\ccQgYCxj.s 			page 9


 233 0014 0225     		movs	r5, #2
 234 0016 24E0     		b	.L16
 235              	.L17:
 209:Middlewares/ST/STM32_USB_Host_Library/Class/MSC/Src/usbh_msc_scsi.c ****   {
 210:Middlewares/ST/STM32_USB_Host_Library/Class/MSC/Src/usbh_msc_scsi.c ****   case BOT_CMD_SEND:  
 211:Middlewares/ST/STM32_USB_Host_Library/Class/MSC/Src/usbh_msc_scsi.c ****     
 212:Middlewares/ST/STM32_USB_Host_Library/Class/MSC/Src/usbh_msc_scsi.c ****     /*Prepare the CBW and relevent field*/
 213:Middlewares/ST/STM32_USB_Host_Library/Class/MSC/Src/usbh_msc_scsi.c ****     MSC_Handle->hbot.cbw.field.DataTransferLength = DATA_LEN_INQUIRY;
 236              		.loc 1 213 0
 237 0018 2422     		movs	r2, #36
 238              	.LVL21:
 239 001a E265     		str	r2, [r4, #92]
 214:Middlewares/ST/STM32_USB_Host_Library/Class/MSC/Src/usbh_msc_scsi.c ****     MSC_Handle->hbot.cbw.field.Flags = USB_EP_DIR_IN;
 240              		.loc 1 214 0
 241 001c 8023     		movs	r3, #128
 242 001e 84F86030 		strb	r3, [r4, #96]
 215:Middlewares/ST/STM32_USB_Host_Library/Class/MSC/Src/usbh_msc_scsi.c ****     MSC_Handle->hbot.cbw.field.CBLength = CBW_LENGTH;
 243              		.loc 1 215 0
 244 0022 0A23     		movs	r3, #10
 245 0024 84F86230 		strb	r3, [r4, #98]
 216:Middlewares/ST/STM32_USB_Host_Library/Class/MSC/Src/usbh_msc_scsi.c ****     
 217:Middlewares/ST/STM32_USB_Host_Library/Class/MSC/Src/usbh_msc_scsi.c ****     USBH_memset(MSC_Handle->hbot.cbw.field.CB, 0, CBW_LENGTH);
 246              		.loc 1 217 0
 247 0028 0023     		movs	r3, #0
 248 002a C4F86730 		str	r3, [r4, #103]	@ unaligned
 249 002e A4F86B30 		strh	r3, [r4, #107]	@ unaligned
 218:Middlewares/ST/STM32_USB_Host_Library/Class/MSC/Src/usbh_msc_scsi.c ****     MSC_Handle->hbot.cbw.field.CB[0]  = OPCODE_INQUIRY; 
 250              		.loc 1 218 0
 251 0032 1220     		movs	r0, #18
 252              	.LVL22:
 253 0034 84F86300 		strb	r0, [r4, #99]
 219:Middlewares/ST/STM32_USB_Host_Library/Class/MSC/Src/usbh_msc_scsi.c ****     MSC_Handle->hbot.cbw.field.CB[1]  = (lun << 5);    
 254              		.loc 1 219 0
 255 0038 4901     		lsls	r1, r1, #5
 256              	.LVL23:
 257 003a 84F86410 		strb	r1, [r4, #100]
 220:Middlewares/ST/STM32_USB_Host_Library/Class/MSC/Src/usbh_msc_scsi.c ****     MSC_Handle->hbot.cbw.field.CB[2]  = 0;    
 258              		.loc 1 220 0
 259 003e 84F86530 		strb	r3, [r4, #101]
 221:Middlewares/ST/STM32_USB_Host_Library/Class/MSC/Src/usbh_msc_scsi.c ****     MSC_Handle->hbot.cbw.field.CB[3]  = 0;    
 260              		.loc 1 221 0
 261 0042 84F86630 		strb	r3, [r4, #102]
 222:Middlewares/ST/STM32_USB_Host_Library/Class/MSC/Src/usbh_msc_scsi.c ****     MSC_Handle->hbot.cbw.field.CB[4]  = 0x24;    
 262              		.loc 1 222 0
 263 0046 84F86720 		strb	r2, [r4, #103]
 223:Middlewares/ST/STM32_USB_Host_Library/Class/MSC/Src/usbh_msc_scsi.c ****     MSC_Handle->hbot.cbw.field.CB[5]  = 0;    
 264              		.loc 1 223 0
 265 004a 84F86830 		strb	r3, [r4, #104]
 224:Middlewares/ST/STM32_USB_Host_Library/Class/MSC/Src/usbh_msc_scsi.c ****         
 225:Middlewares/ST/STM32_USB_Host_Library/Class/MSC/Src/usbh_msc_scsi.c ****     MSC_Handle->hbot.state = BOT_SEND_CBW;
 266              		.loc 1 225 0
 267 004e 0125     		movs	r5, #1
 268 0050 84F85050 		strb	r5, [r4, #80]
 226:Middlewares/ST/STM32_USB_Host_Library/Class/MSC/Src/usbh_msc_scsi.c **** 
 227:Middlewares/ST/STM32_USB_Host_Library/Class/MSC/Src/usbh_msc_scsi.c ****     MSC_Handle->hbot.cmd_state = BOT_CMD_WAIT;
 269              		.loc 1 227 0
 270 0054 0223     		movs	r3, #2
ARM GAS  C:\Users\Student\AppData\Local\Temp\ccQgYCxj.s 			page 10


 271 0056 84F85230 		strb	r3, [r4, #82]
 228:Middlewares/ST/STM32_USB_Host_Library/Class/MSC/Src/usbh_msc_scsi.c ****     MSC_Handle->hbot.pbuf = (uint8_t *)MSC_Handle->hbot.data;
 272              		.loc 1 228 0
 273 005a 04F11003 		add	r3, r4, #16
 274 005e C4F88C30 		str	r3, [r4, #140]
 275              	.LVL24:
 276              	.L16:
 229:Middlewares/ST/STM32_USB_Host_Library/Class/MSC/Src/usbh_msc_scsi.c ****     error = USBH_BUSY; 
 230:Middlewares/ST/STM32_USB_Host_Library/Class/MSC/Src/usbh_msc_scsi.c ****     break;
 231:Middlewares/ST/STM32_USB_Host_Library/Class/MSC/Src/usbh_msc_scsi.c ****     
 232:Middlewares/ST/STM32_USB_Host_Library/Class/MSC/Src/usbh_msc_scsi.c ****   case BOT_CMD_WAIT: 
 233:Middlewares/ST/STM32_USB_Host_Library/Class/MSC/Src/usbh_msc_scsi.c ****     
 234:Middlewares/ST/STM32_USB_Host_Library/Class/MSC/Src/usbh_msc_scsi.c ****     error = USBH_MSC_BOT_Process(phost, lun);
 235:Middlewares/ST/STM32_USB_Host_Library/Class/MSC/Src/usbh_msc_scsi.c ****     
 236:Middlewares/ST/STM32_USB_Host_Library/Class/MSC/Src/usbh_msc_scsi.c ****     if(error == USBH_OK)
 237:Middlewares/ST/STM32_USB_Host_Library/Class/MSC/Src/usbh_msc_scsi.c ****     {
 238:Middlewares/ST/STM32_USB_Host_Library/Class/MSC/Src/usbh_msc_scsi.c ****       USBH_memset(inquiry, 0, sizeof(SCSI_StdInquiryDataTypeDef));
 239:Middlewares/ST/STM32_USB_Host_Library/Class/MSC/Src/usbh_msc_scsi.c ****       /*assign Inquiry Data */
 240:Middlewares/ST/STM32_USB_Host_Library/Class/MSC/Src/usbh_msc_scsi.c ****       inquiry->DeviceType = MSC_Handle->hbot.pbuf[0] & 0x1F;
 241:Middlewares/ST/STM32_USB_Host_Library/Class/MSC/Src/usbh_msc_scsi.c ****       inquiry->PeripheralQualifier = MSC_Handle->hbot.pbuf[0] >> 5;  
 242:Middlewares/ST/STM32_USB_Host_Library/Class/MSC/Src/usbh_msc_scsi.c ****       inquiry->RemovableMedia = (MSC_Handle->hbot.pbuf[1] & 0x80)== 0x80;
 243:Middlewares/ST/STM32_USB_Host_Library/Class/MSC/Src/usbh_msc_scsi.c ****       USBH_memcpy (inquiry->vendor_id, &MSC_Handle->hbot.pbuf[8], 8);
 244:Middlewares/ST/STM32_USB_Host_Library/Class/MSC/Src/usbh_msc_scsi.c ****       USBH_memcpy (inquiry->product_id, &MSC_Handle->hbot.pbuf[16], 16);
 245:Middlewares/ST/STM32_USB_Host_Library/Class/MSC/Src/usbh_msc_scsi.c ****       USBH_memcpy (inquiry->revision_id, &MSC_Handle->hbot.pbuf[32], 4);    
 246:Middlewares/ST/STM32_USB_Host_Library/Class/MSC/Src/usbh_msc_scsi.c ****     }
 247:Middlewares/ST/STM32_USB_Host_Library/Class/MSC/Src/usbh_msc_scsi.c ****     break;
 248:Middlewares/ST/STM32_USB_Host_Library/Class/MSC/Src/usbh_msc_scsi.c ****     
 249:Middlewares/ST/STM32_USB_Host_Library/Class/MSC/Src/usbh_msc_scsi.c ****   default:
 250:Middlewares/ST/STM32_USB_Host_Library/Class/MSC/Src/usbh_msc_scsi.c ****     break;
 251:Middlewares/ST/STM32_USB_Host_Library/Class/MSC/Src/usbh_msc_scsi.c ****   }
 252:Middlewares/ST/STM32_USB_Host_Library/Class/MSC/Src/usbh_msc_scsi.c ****   
 253:Middlewares/ST/STM32_USB_Host_Library/Class/MSC/Src/usbh_msc_scsi.c ****   return error;
 254:Middlewares/ST/STM32_USB_Host_Library/Class/MSC/Src/usbh_msc_scsi.c **** }
 277              		.loc 1 254 0
 278 0062 2846     		mov	r0, r5
 279 0064 F8BD     		pop	{r3, r4, r5, r6, r7, pc}
 280              	.LVL25:
 281              	.L18:
 282 0066 1646     		mov	r6, r2
 234:Middlewares/ST/STM32_USB_Host_Library/Class/MSC/Src/usbh_msc_scsi.c ****     
 283              		.loc 1 234 0
 284 0068 FFF7FEFF 		bl	USBH_MSC_BOT_Process
 285              	.LVL26:
 236:Middlewares/ST/STM32_USB_Host_Library/Class/MSC/Src/usbh_msc_scsi.c ****     {
 286              		.loc 1 236 0
 287 006c 0546     		mov	r5, r0
 288 006e 0028     		cmp	r0, #0
 289 0070 F7D1     		bne	.L16
 238:Middlewares/ST/STM32_USB_Host_Library/Class/MSC/Src/usbh_msc_scsi.c ****       /*assign Inquiry Data */
 290              		.loc 1 238 0
 291 0072 2222     		movs	r2, #34
 292 0074 0021     		movs	r1, #0
 293 0076 3046     		mov	r0, r6
 294              	.LVL27:
 295 0078 FFF7FEFF 		bl	memset
 296              	.LVL28:
 240:Middlewares/ST/STM32_USB_Host_Library/Class/MSC/Src/usbh_msc_scsi.c ****       inquiry->PeripheralQualifier = MSC_Handle->hbot.pbuf[0] >> 5;  
ARM GAS  C:\Users\Student\AppData\Local\Temp\ccQgYCxj.s 			page 11


 297              		.loc 1 240 0
 298 007c D4F88C30 		ldr	r3, [r4, #140]
 299 0080 1B78     		ldrb	r3, [r3]	@ zero_extendqisi2
 300 0082 03F01F03 		and	r3, r3, #31
 301 0086 7370     		strb	r3, [r6, #1]
 241:Middlewares/ST/STM32_USB_Host_Library/Class/MSC/Src/usbh_msc_scsi.c ****       inquiry->RemovableMedia = (MSC_Handle->hbot.pbuf[1] & 0x80)== 0x80;
 302              		.loc 1 241 0
 303 0088 D4F88C30 		ldr	r3, [r4, #140]
 304 008c 1B78     		ldrb	r3, [r3]	@ zero_extendqisi2
 305 008e 5B09     		lsrs	r3, r3, #5
 306 0090 3370     		strb	r3, [r6]
 242:Middlewares/ST/STM32_USB_Host_Library/Class/MSC/Src/usbh_msc_scsi.c ****       USBH_memcpy (inquiry->vendor_id, &MSC_Handle->hbot.pbuf[8], 8);
 307              		.loc 1 242 0
 308 0092 D4F88C30 		ldr	r3, [r4, #140]
 309 0096 5B78     		ldrb	r3, [r3, #1]	@ zero_extendqisi2
 310 0098 DB09     		lsrs	r3, r3, #7
 311 009a B370     		strb	r3, [r6, #2]
 243:Middlewares/ST/STM32_USB_Host_Library/Class/MSC/Src/usbh_msc_scsi.c ****       USBH_memcpy (inquiry->product_id, &MSC_Handle->hbot.pbuf[16], 16);
 312              		.loc 1 243 0
 313 009c D4F88C30 		ldr	r3, [r4, #140]
 314 00a0 53F8082F 		ldr	r2, [r3, #8]!	@ unaligned
 315 00a4 5B68     		ldr	r3, [r3, #4]	@ unaligned
 316 00a6 C6F80320 		str	r2, [r6, #3]	@ unaligned
 317 00aa C6F80730 		str	r3, [r6, #7]	@ unaligned
 244:Middlewares/ST/STM32_USB_Host_Library/Class/MSC/Src/usbh_msc_scsi.c ****       USBH_memcpy (inquiry->revision_id, &MSC_Handle->hbot.pbuf[32], 4);    
 318              		.loc 1 244 0
 319 00ae D4F88C30 		ldr	r3, [r4, #140]
 320 00b2 53F8107F 		ldr	r7, [r3, #16]!	@ unaligned
 321 00b6 5868     		ldr	r0, [r3, #4]	@ unaligned
 322 00b8 9968     		ldr	r1, [r3, #8]	@ unaligned
 323 00ba DB68     		ldr	r3, [r3, #12]	@ unaligned
 324 00bc F760     		str	r7, [r6, #12]	@ unaligned
 325 00be 3061     		str	r0, [r6, #16]	@ unaligned
 326 00c0 7161     		str	r1, [r6, #20]	@ unaligned
 327 00c2 B361     		str	r3, [r6, #24]	@ unaligned
 245:Middlewares/ST/STM32_USB_Host_Library/Class/MSC/Src/usbh_msc_scsi.c ****     }
 328              		.loc 1 245 0
 329 00c4 D4F88C30 		ldr	r3, [r4, #140]
 330 00c8 1B6A     		ldr	r3, [r3, #32]	@ unaligned
 331 00ca C6F81D30 		str	r3, [r6, #29]	@ unaligned
 332 00ce C8E7     		b	.L16
 333              		.cfi_endproc
 334              	.LFE131:
 336              		.section	.text.USBH_MSC_SCSI_RequestSense,"ax",%progbits
 337              		.align	1
 338              		.global	USBH_MSC_SCSI_RequestSense
 339              		.syntax unified
 340              		.thumb
 341              		.thumb_func
 342              		.fpu fpv4-sp-d16
 344              	USBH_MSC_SCSI_RequestSense:
 345              	.LFB132:
 255:Middlewares/ST/STM32_USB_Host_Library/Class/MSC/Src/usbh_msc_scsi.c **** 
 256:Middlewares/ST/STM32_USB_Host_Library/Class/MSC/Src/usbh_msc_scsi.c **** /**
 257:Middlewares/ST/STM32_USB_Host_Library/Class/MSC/Src/usbh_msc_scsi.c ****   * @brief  USBH_MSC_SCSI_RequestSense 
 258:Middlewares/ST/STM32_USB_Host_Library/Class/MSC/Src/usbh_msc_scsi.c ****   *         Issue RequestSense command.
 259:Middlewares/ST/STM32_USB_Host_Library/Class/MSC/Src/usbh_msc_scsi.c ****   * @param  phost: Host handle
ARM GAS  C:\Users\Student\AppData\Local\Temp\ccQgYCxj.s 			page 12


 260:Middlewares/ST/STM32_USB_Host_Library/Class/MSC/Src/usbh_msc_scsi.c ****   * @param  lun: Logical Unit Number
 261:Middlewares/ST/STM32_USB_Host_Library/Class/MSC/Src/usbh_msc_scsi.c ****   * @param  capacity: pointer to the sense data structure
 262:Middlewares/ST/STM32_USB_Host_Library/Class/MSC/Src/usbh_msc_scsi.c ****   * @retval USBH Status
 263:Middlewares/ST/STM32_USB_Host_Library/Class/MSC/Src/usbh_msc_scsi.c ****   */
 264:Middlewares/ST/STM32_USB_Host_Library/Class/MSC/Src/usbh_msc_scsi.c **** USBH_StatusTypeDef USBH_MSC_SCSI_RequestSense (USBH_HandleTypeDef *phost, 
 265:Middlewares/ST/STM32_USB_Host_Library/Class/MSC/Src/usbh_msc_scsi.c ****                                                uint8_t lun, 
 266:Middlewares/ST/STM32_USB_Host_Library/Class/MSC/Src/usbh_msc_scsi.c ****                                                SCSI_SenseTypeDef *sense_data)
 267:Middlewares/ST/STM32_USB_Host_Library/Class/MSC/Src/usbh_msc_scsi.c **** {
 346              		.loc 1 267 0
 347              		.cfi_startproc
 348              		@ args = 0, pretend = 0, frame = 0
 349              		@ frame_needed = 0, uses_anonymous_args = 0
 350              	.LVL29:
 351 0000 38B5     		push	{r3, r4, r5, lr}
 352              	.LCFI3:
 353              		.cfi_def_cfa_offset 16
 354              		.cfi_offset 3, -16
 355              		.cfi_offset 4, -12
 356              		.cfi_offset 5, -8
 357              		.cfi_offset 14, -4
 358              	.LVL30:
 268:Middlewares/ST/STM32_USB_Host_Library/Class/MSC/Src/usbh_msc_scsi.c ****   USBH_StatusTypeDef    error = USBH_FAIL ;
 269:Middlewares/ST/STM32_USB_Host_Library/Class/MSC/Src/usbh_msc_scsi.c ****   MSC_HandleTypeDef *MSC_Handle =  (MSC_HandleTypeDef *) phost->pActiveClass->pData;
 359              		.loc 1 269 0
 360 0002 D0F87433 		ldr	r3, [r0, #884]
 361 0006 DC69     		ldr	r4, [r3, #28]
 362              	.LVL31:
 270:Middlewares/ST/STM32_USB_Host_Library/Class/MSC/Src/usbh_msc_scsi.c ****   
 271:Middlewares/ST/STM32_USB_Host_Library/Class/MSC/Src/usbh_msc_scsi.c ****   switch(MSC_Handle->hbot.cmd_state)
 363              		.loc 1 271 0
 364 0008 94F85230 		ldrb	r3, [r4, #82]	@ zero_extendqisi2
 365 000c 012B     		cmp	r3, #1
 366 000e 03D0     		beq	.L24
 367 0010 022B     		cmp	r3, #2
 368 0012 2AD0     		beq	.L25
 268:Middlewares/ST/STM32_USB_Host_Library/Class/MSC/Src/usbh_msc_scsi.c ****   USBH_StatusTypeDef    error = USBH_FAIL ;
 369              		.loc 1 268 0
 370 0014 0223     		movs	r3, #2
 371 0016 26E0     		b	.L23
 372              	.L24:
 272:Middlewares/ST/STM32_USB_Host_Library/Class/MSC/Src/usbh_msc_scsi.c ****   {
 273:Middlewares/ST/STM32_USB_Host_Library/Class/MSC/Src/usbh_msc_scsi.c ****   case BOT_CMD_SEND:  
 274:Middlewares/ST/STM32_USB_Host_Library/Class/MSC/Src/usbh_msc_scsi.c ****     
 275:Middlewares/ST/STM32_USB_Host_Library/Class/MSC/Src/usbh_msc_scsi.c ****     /*Prepare the CBW and relevent field*/
 276:Middlewares/ST/STM32_USB_Host_Library/Class/MSC/Src/usbh_msc_scsi.c ****     MSC_Handle->hbot.cbw.field.DataTransferLength = DATA_LEN_REQUEST_SENSE;
 373              		.loc 1 276 0
 374 0018 0E20     		movs	r0, #14
 375              	.LVL32:
 376 001a E065     		str	r0, [r4, #92]
 277:Middlewares/ST/STM32_USB_Host_Library/Class/MSC/Src/usbh_msc_scsi.c ****     MSC_Handle->hbot.cbw.field.Flags = USB_EP_DIR_IN;
 377              		.loc 1 277 0
 378 001c 8023     		movs	r3, #128
 379 001e 84F86030 		strb	r3, [r4, #96]
 278:Middlewares/ST/STM32_USB_Host_Library/Class/MSC/Src/usbh_msc_scsi.c ****     MSC_Handle->hbot.cbw.field.CBLength = CBW_LENGTH;
 380              		.loc 1 278 0
 381 0022 0A23     		movs	r3, #10
 382 0024 84F86230 		strb	r3, [r4, #98]
ARM GAS  C:\Users\Student\AppData\Local\Temp\ccQgYCxj.s 			page 13


 279:Middlewares/ST/STM32_USB_Host_Library/Class/MSC/Src/usbh_msc_scsi.c ****     
 280:Middlewares/ST/STM32_USB_Host_Library/Class/MSC/Src/usbh_msc_scsi.c ****     USBH_memset(MSC_Handle->hbot.cbw.field.CB, 0, CBW_CB_LENGTH);
 383              		.loc 1 280 0
 384 0028 0023     		movs	r3, #0
 385 002a C4F86730 		str	r3, [r4, #103]	@ unaligned
 386 002e C4F86B30 		str	r3, [r4, #107]	@ unaligned
 387 0032 C4F86F30 		str	r3, [r4, #111]	@ unaligned
 281:Middlewares/ST/STM32_USB_Host_Library/Class/MSC/Src/usbh_msc_scsi.c ****     MSC_Handle->hbot.cbw.field.CB[0]  = OPCODE_REQUEST_SENSE; 
 388              		.loc 1 281 0
 389 0036 0322     		movs	r2, #3
 390              	.LVL33:
 391 0038 84F86320 		strb	r2, [r4, #99]
 282:Middlewares/ST/STM32_USB_Host_Library/Class/MSC/Src/usbh_msc_scsi.c ****     MSC_Handle->hbot.cbw.field.CB[1]  = (lun << 5); 
 392              		.loc 1 282 0
 393 003c 4901     		lsls	r1, r1, #5
 394              	.LVL34:
 395 003e 84F86410 		strb	r1, [r4, #100]
 283:Middlewares/ST/STM32_USB_Host_Library/Class/MSC/Src/usbh_msc_scsi.c ****     MSC_Handle->hbot.cbw.field.CB[2]  = 0; 
 396              		.loc 1 283 0
 397 0042 84F86530 		strb	r3, [r4, #101]
 284:Middlewares/ST/STM32_USB_Host_Library/Class/MSC/Src/usbh_msc_scsi.c ****     MSC_Handle->hbot.cbw.field.CB[3]  = 0; 
 398              		.loc 1 284 0
 399 0046 84F86630 		strb	r3, [r4, #102]
 285:Middlewares/ST/STM32_USB_Host_Library/Class/MSC/Src/usbh_msc_scsi.c ****     MSC_Handle->hbot.cbw.field.CB[4]  = DATA_LEN_REQUEST_SENSE;
 400              		.loc 1 285 0
 401 004a 84F86700 		strb	r0, [r4, #103]
 286:Middlewares/ST/STM32_USB_Host_Library/Class/MSC/Src/usbh_msc_scsi.c ****     MSC_Handle->hbot.cbw.field.CB[5]  = 0;       
 402              		.loc 1 286 0
 403 004e 84F86830 		strb	r3, [r4, #104]
 287:Middlewares/ST/STM32_USB_Host_Library/Class/MSC/Src/usbh_msc_scsi.c ****     
 288:Middlewares/ST/STM32_USB_Host_Library/Class/MSC/Src/usbh_msc_scsi.c ****     MSC_Handle->hbot.state = BOT_SEND_CBW;
 404              		.loc 1 288 0
 405 0052 0123     		movs	r3, #1
 406 0054 84F85030 		strb	r3, [r4, #80]
 289:Middlewares/ST/STM32_USB_Host_Library/Class/MSC/Src/usbh_msc_scsi.c ****     MSC_Handle->hbot.cmd_state = BOT_CMD_WAIT;
 407              		.loc 1 289 0
 408 0058 0222     		movs	r2, #2
 409 005a 84F85220 		strb	r2, [r4, #82]
 290:Middlewares/ST/STM32_USB_Host_Library/Class/MSC/Src/usbh_msc_scsi.c ****     MSC_Handle->hbot.pbuf = (uint8_t *)MSC_Handle->hbot.data;
 410              		.loc 1 290 0
 411 005e 04F11002 		add	r2, r4, #16
 412 0062 C4F88C20 		str	r2, [r4, #140]
 413              	.LVL35:
 414              	.L23:
 291:Middlewares/ST/STM32_USB_Host_Library/Class/MSC/Src/usbh_msc_scsi.c ****     error = USBH_BUSY; 
 292:Middlewares/ST/STM32_USB_Host_Library/Class/MSC/Src/usbh_msc_scsi.c ****     break;
 293:Middlewares/ST/STM32_USB_Host_Library/Class/MSC/Src/usbh_msc_scsi.c ****     
 294:Middlewares/ST/STM32_USB_Host_Library/Class/MSC/Src/usbh_msc_scsi.c ****   case BOT_CMD_WAIT: 
 295:Middlewares/ST/STM32_USB_Host_Library/Class/MSC/Src/usbh_msc_scsi.c ****     
 296:Middlewares/ST/STM32_USB_Host_Library/Class/MSC/Src/usbh_msc_scsi.c ****     error = USBH_MSC_BOT_Process(phost, lun);
 297:Middlewares/ST/STM32_USB_Host_Library/Class/MSC/Src/usbh_msc_scsi.c ****     
 298:Middlewares/ST/STM32_USB_Host_Library/Class/MSC/Src/usbh_msc_scsi.c ****     if(error == USBH_OK)
 299:Middlewares/ST/STM32_USB_Host_Library/Class/MSC/Src/usbh_msc_scsi.c ****     {
 300:Middlewares/ST/STM32_USB_Host_Library/Class/MSC/Src/usbh_msc_scsi.c ****       sense_data->key  = MSC_Handle->hbot.pbuf[2] & 0x0F;  
 301:Middlewares/ST/STM32_USB_Host_Library/Class/MSC/Src/usbh_msc_scsi.c ****       sense_data->asc  = MSC_Handle->hbot.pbuf[12];
 302:Middlewares/ST/STM32_USB_Host_Library/Class/MSC/Src/usbh_msc_scsi.c ****       sense_data->ascq = MSC_Handle->hbot.pbuf[13];
 303:Middlewares/ST/STM32_USB_Host_Library/Class/MSC/Src/usbh_msc_scsi.c ****     }
ARM GAS  C:\Users\Student\AppData\Local\Temp\ccQgYCxj.s 			page 14


 304:Middlewares/ST/STM32_USB_Host_Library/Class/MSC/Src/usbh_msc_scsi.c ****     break;
 305:Middlewares/ST/STM32_USB_Host_Library/Class/MSC/Src/usbh_msc_scsi.c ****     
 306:Middlewares/ST/STM32_USB_Host_Library/Class/MSC/Src/usbh_msc_scsi.c ****   default:
 307:Middlewares/ST/STM32_USB_Host_Library/Class/MSC/Src/usbh_msc_scsi.c ****     break;
 308:Middlewares/ST/STM32_USB_Host_Library/Class/MSC/Src/usbh_msc_scsi.c ****   }
 309:Middlewares/ST/STM32_USB_Host_Library/Class/MSC/Src/usbh_msc_scsi.c ****   
 310:Middlewares/ST/STM32_USB_Host_Library/Class/MSC/Src/usbh_msc_scsi.c ****   return error;
 311:Middlewares/ST/STM32_USB_Host_Library/Class/MSC/Src/usbh_msc_scsi.c **** }
 415              		.loc 1 311 0
 416 0066 1846     		mov	r0, r3
 417 0068 38BD     		pop	{r3, r4, r5, pc}
 418              	.LVL36:
 419              	.L25:
 420 006a 1546     		mov	r5, r2
 296:Middlewares/ST/STM32_USB_Host_Library/Class/MSC/Src/usbh_msc_scsi.c ****     
 421              		.loc 1 296 0
 422 006c FFF7FEFF 		bl	USBH_MSC_BOT_Process
 423              	.LVL37:
 298:Middlewares/ST/STM32_USB_Host_Library/Class/MSC/Src/usbh_msc_scsi.c ****     {
 424              		.loc 1 298 0
 425 0070 0346     		mov	r3, r0
 426 0072 0028     		cmp	r0, #0
 427 0074 F7D1     		bne	.L23
 300:Middlewares/ST/STM32_USB_Host_Library/Class/MSC/Src/usbh_msc_scsi.c ****       sense_data->asc  = MSC_Handle->hbot.pbuf[12];
 428              		.loc 1 300 0
 429 0076 D4F88C20 		ldr	r2, [r4, #140]
 430 007a 9278     		ldrb	r2, [r2, #2]	@ zero_extendqisi2
 431 007c 02F00F02 		and	r2, r2, #15
 432 0080 2A70     		strb	r2, [r5]
 301:Middlewares/ST/STM32_USB_Host_Library/Class/MSC/Src/usbh_msc_scsi.c ****       sense_data->ascq = MSC_Handle->hbot.pbuf[13];
 433              		.loc 1 301 0
 434 0082 D4F88C20 		ldr	r2, [r4, #140]
 435 0086 127B     		ldrb	r2, [r2, #12]	@ zero_extendqisi2
 436 0088 6A70     		strb	r2, [r5, #1]
 302:Middlewares/ST/STM32_USB_Host_Library/Class/MSC/Src/usbh_msc_scsi.c ****     }
 437              		.loc 1 302 0
 438 008a D4F88C20 		ldr	r2, [r4, #140]
 439 008e 527B     		ldrb	r2, [r2, #13]	@ zero_extendqisi2
 440 0090 AA70     		strb	r2, [r5, #2]
 441 0092 E8E7     		b	.L23
 442              		.cfi_endproc
 443              	.LFE132:
 445              		.section	.text.USBH_MSC_SCSI_Write,"ax",%progbits
 446              		.align	1
 447              		.global	USBH_MSC_SCSI_Write
 448              		.syntax unified
 449              		.thumb
 450              		.thumb_func
 451              		.fpu fpv4-sp-d16
 453              	USBH_MSC_SCSI_Write:
 454              	.LFB133:
 312:Middlewares/ST/STM32_USB_Host_Library/Class/MSC/Src/usbh_msc_scsi.c **** 
 313:Middlewares/ST/STM32_USB_Host_Library/Class/MSC/Src/usbh_msc_scsi.c **** /**
 314:Middlewares/ST/STM32_USB_Host_Library/Class/MSC/Src/usbh_msc_scsi.c ****   * @brief  USBH_MSC_SCSI_Write 
 315:Middlewares/ST/STM32_USB_Host_Library/Class/MSC/Src/usbh_msc_scsi.c ****   *         Issue write10 command.
 316:Middlewares/ST/STM32_USB_Host_Library/Class/MSC/Src/usbh_msc_scsi.c ****   * @param  phost: Host handle
 317:Middlewares/ST/STM32_USB_Host_Library/Class/MSC/Src/usbh_msc_scsi.c ****   * @param  lun: Logical Unit Number
ARM GAS  C:\Users\Student\AppData\Local\Temp\ccQgYCxj.s 			page 15


 318:Middlewares/ST/STM32_USB_Host_Library/Class/MSC/Src/usbh_msc_scsi.c ****   * @param  address: sector address
 319:Middlewares/ST/STM32_USB_Host_Library/Class/MSC/Src/usbh_msc_scsi.c ****   * @param  pbuf: pointer to data
 320:Middlewares/ST/STM32_USB_Host_Library/Class/MSC/Src/usbh_msc_scsi.c ****   * @param  length: number of sector to write
 321:Middlewares/ST/STM32_USB_Host_Library/Class/MSC/Src/usbh_msc_scsi.c ****   * @retval USBH Status
 322:Middlewares/ST/STM32_USB_Host_Library/Class/MSC/Src/usbh_msc_scsi.c ****   */
 323:Middlewares/ST/STM32_USB_Host_Library/Class/MSC/Src/usbh_msc_scsi.c **** USBH_StatusTypeDef USBH_MSC_SCSI_Write(USBH_HandleTypeDef *phost,
 324:Middlewares/ST/STM32_USB_Host_Library/Class/MSC/Src/usbh_msc_scsi.c ****                                      uint8_t lun,
 325:Middlewares/ST/STM32_USB_Host_Library/Class/MSC/Src/usbh_msc_scsi.c ****                                      uint32_t address,
 326:Middlewares/ST/STM32_USB_Host_Library/Class/MSC/Src/usbh_msc_scsi.c ****                                      uint8_t *pbuf,
 327:Middlewares/ST/STM32_USB_Host_Library/Class/MSC/Src/usbh_msc_scsi.c ****                                      uint32_t length)
 328:Middlewares/ST/STM32_USB_Host_Library/Class/MSC/Src/usbh_msc_scsi.c **** {
 455              		.loc 1 328 0
 456              		.cfi_startproc
 457              		@ args = 4, pretend = 0, frame = 8
 458              		@ frame_needed = 0, uses_anonymous_args = 0
 459              	.LVL38:
 460 0000 10B5     		push	{r4, lr}
 461              	.LCFI4:
 462              		.cfi_def_cfa_offset 8
 463              		.cfi_offset 4, -8
 464              		.cfi_offset 14, -4
 465 0002 82B0     		sub	sp, sp, #8
 466              	.LCFI5:
 467              		.cfi_def_cfa_offset 16
 468 0004 0192     		str	r2, [sp, #4]
 469              	.LVL39:
 329:Middlewares/ST/STM32_USB_Host_Library/Class/MSC/Src/usbh_msc_scsi.c ****   USBH_StatusTypeDef    error = USBH_FAIL ;
 330:Middlewares/ST/STM32_USB_Host_Library/Class/MSC/Src/usbh_msc_scsi.c **** 
 331:Middlewares/ST/STM32_USB_Host_Library/Class/MSC/Src/usbh_msc_scsi.c ****   MSC_HandleTypeDef *MSC_Handle =  (MSC_HandleTypeDef *) phost->pActiveClass->pData;
 470              		.loc 1 331 0
 471 0006 D0F87423 		ldr	r2, [r0, #884]
 472              	.LVL40:
 473 000a D269     		ldr	r2, [r2, #28]
 474              	.LVL41:
 332:Middlewares/ST/STM32_USB_Host_Library/Class/MSC/Src/usbh_msc_scsi.c ****   
 333:Middlewares/ST/STM32_USB_Host_Library/Class/MSC/Src/usbh_msc_scsi.c ****   switch(MSC_Handle->hbot.cmd_state)
 475              		.loc 1 333 0
 476 000c 92F85240 		ldrb	r4, [r2, #82]	@ zero_extendqisi2
 477 0010 012C     		cmp	r4, #1
 478 0012 03D0     		beq	.L31
 479 0014 022C     		cmp	r4, #2
 480 0016 37D0     		beq	.L32
 329:Middlewares/ST/STM32_USB_Host_Library/Class/MSC/Src/usbh_msc_scsi.c ****   USBH_StatusTypeDef    error = USBH_FAIL ;
 481              		.loc 1 329 0
 482 0018 0220     		movs	r0, #2
 483              	.LVL42:
 484 001a 33E0     		b	.L30
 485              	.LVL43:
 486              	.L31:
 334:Middlewares/ST/STM32_USB_Host_Library/Class/MSC/Src/usbh_msc_scsi.c ****   {
 335:Middlewares/ST/STM32_USB_Host_Library/Class/MSC/Src/usbh_msc_scsi.c ****   case BOT_CMD_SEND:  
 336:Middlewares/ST/STM32_USB_Host_Library/Class/MSC/Src/usbh_msc_scsi.c ****     
 337:Middlewares/ST/STM32_USB_Host_Library/Class/MSC/Src/usbh_msc_scsi.c ****     /*Prepare the CBW and relevent field*/
 338:Middlewares/ST/STM32_USB_Host_Library/Class/MSC/Src/usbh_msc_scsi.c ****     MSC_Handle->hbot.cbw.field.DataTransferLength = length * 512;
 487              		.loc 1 338 0
 488 001c 0499     		ldr	r1, [sp, #16]
 489              	.LVL44:
ARM GAS  C:\Users\Student\AppData\Local\Temp\ccQgYCxj.s 			page 16


 490 001e 4902     		lsls	r1, r1, #9
 491 0020 D165     		str	r1, [r2, #92]
 339:Middlewares/ST/STM32_USB_Host_Library/Class/MSC/Src/usbh_msc_scsi.c ****     MSC_Handle->hbot.cbw.field.Flags = USB_EP_DIR_OUT;
 492              		.loc 1 339 0
 493 0022 0021     		movs	r1, #0
 494 0024 82F86010 		strb	r1, [r2, #96]
 340:Middlewares/ST/STM32_USB_Host_Library/Class/MSC/Src/usbh_msc_scsi.c ****     MSC_Handle->hbot.cbw.field.CBLength = CBW_LENGTH;
 495              		.loc 1 340 0
 496 0028 0A20     		movs	r0, #10
 497              	.LVL45:
 498 002a 82F86200 		strb	r0, [r2, #98]
 341:Middlewares/ST/STM32_USB_Host_Library/Class/MSC/Src/usbh_msc_scsi.c ****     
 342:Middlewares/ST/STM32_USB_Host_Library/Class/MSC/Src/usbh_msc_scsi.c ****     USBH_memset(MSC_Handle->hbot.cbw.field.CB, 0, CBW_CB_LENGTH);
 499              		.loc 1 342 0
 500 002e C2F86310 		str	r1, [r2, #99]	@ unaligned
 501              	.LVL46:
 502 0032 C2F86710 		str	r1, [r2, #103]	@ unaligned
 503 0036 C2F86B10 		str	r1, [r2, #107]	@ unaligned
 504 003a C2F86F10 		str	r1, [r2, #111]	@ unaligned
 343:Middlewares/ST/STM32_USB_Host_Library/Class/MSC/Src/usbh_msc_scsi.c ****     MSC_Handle->hbot.cbw.field.CB[0]  = OPCODE_WRITE10; 
 505              		.loc 1 343 0
 506 003e 2A21     		movs	r1, #42
 507 0040 82F86310 		strb	r1, [r2, #99]
 344:Middlewares/ST/STM32_USB_Host_Library/Class/MSC/Src/usbh_msc_scsi.c ****     
 345:Middlewares/ST/STM32_USB_Host_Library/Class/MSC/Src/usbh_msc_scsi.c ****     /*logical block address*/
 346:Middlewares/ST/STM32_USB_Host_Library/Class/MSC/Src/usbh_msc_scsi.c ****     MSC_Handle->hbot.cbw.field.CB[2]  = (((uint8_t*)&address)[3]);
 508              		.loc 1 346 0
 509 0044 9DF80710 		ldrb	r1, [sp, #7]	@ zero_extendqisi2
 510 0048 82F86510 		strb	r1, [r2, #101]
 347:Middlewares/ST/STM32_USB_Host_Library/Class/MSC/Src/usbh_msc_scsi.c ****     MSC_Handle->hbot.cbw.field.CB[3]  = (((uint8_t*)&address)[2]);
 511              		.loc 1 347 0
 512 004c 9DF80610 		ldrb	r1, [sp, #6]	@ zero_extendqisi2
 513 0050 82F86610 		strb	r1, [r2, #102]
 348:Middlewares/ST/STM32_USB_Host_Library/Class/MSC/Src/usbh_msc_scsi.c ****     MSC_Handle->hbot.cbw.field.CB[4]  = (((uint8_t*)&address)[1]);
 514              		.loc 1 348 0
 515 0054 9DF80510 		ldrb	r1, [sp, #5]	@ zero_extendqisi2
 516 0058 82F86710 		strb	r1, [r2, #103]
 349:Middlewares/ST/STM32_USB_Host_Library/Class/MSC/Src/usbh_msc_scsi.c ****     MSC_Handle->hbot.cbw.field.CB[5]  = (((uint8_t*)&address)[0]);
 517              		.loc 1 349 0
 518 005c 9DF80410 		ldrb	r1, [sp, #4]	@ zero_extendqisi2
 519 0060 82F86810 		strb	r1, [r2, #104]
 350:Middlewares/ST/STM32_USB_Host_Library/Class/MSC/Src/usbh_msc_scsi.c ****     
 351:Middlewares/ST/STM32_USB_Host_Library/Class/MSC/Src/usbh_msc_scsi.c ****     
 352:Middlewares/ST/STM32_USB_Host_Library/Class/MSC/Src/usbh_msc_scsi.c ****     /*Transfer length */
 353:Middlewares/ST/STM32_USB_Host_Library/Class/MSC/Src/usbh_msc_scsi.c ****     MSC_Handle->hbot.cbw.field.CB[7]  = (((uint8_t *)&length)[1]) ; 
 520              		.loc 1 353 0
 521 0064 9DF81110 		ldrb	r1, [sp, #17]	@ zero_extendqisi2
 522 0068 82F86A10 		strb	r1, [r2, #106]
 354:Middlewares/ST/STM32_USB_Host_Library/Class/MSC/Src/usbh_msc_scsi.c ****     MSC_Handle->hbot.cbw.field.CB[8]  = (((uint8_t *)&length)[0]) ; 
 523              		.loc 1 354 0
 524 006c 9DF81010 		ldrb	r1, [sp, #16]	@ zero_extendqisi2
 525 0070 82F86B10 		strb	r1, [r2, #107]
 355:Middlewares/ST/STM32_USB_Host_Library/Class/MSC/Src/usbh_msc_scsi.c **** 
 356:Middlewares/ST/STM32_USB_Host_Library/Class/MSC/Src/usbh_msc_scsi.c ****     
 357:Middlewares/ST/STM32_USB_Host_Library/Class/MSC/Src/usbh_msc_scsi.c ****     MSC_Handle->hbot.state = BOT_SEND_CBW;
 526              		.loc 1 357 0
 527 0074 0120     		movs	r0, #1
ARM GAS  C:\Users\Student\AppData\Local\Temp\ccQgYCxj.s 			page 17


 528 0076 82F85000 		strb	r0, [r2, #80]
 358:Middlewares/ST/STM32_USB_Host_Library/Class/MSC/Src/usbh_msc_scsi.c ****     MSC_Handle->hbot.cmd_state = BOT_CMD_WAIT;
 529              		.loc 1 358 0
 530 007a 0221     		movs	r1, #2
 531 007c 82F85210 		strb	r1, [r2, #82]
 359:Middlewares/ST/STM32_USB_Host_Library/Class/MSC/Src/usbh_msc_scsi.c ****     MSC_Handle->hbot.pbuf = pbuf;
 532              		.loc 1 359 0
 533 0080 C2F88C30 		str	r3, [r2, #140]
 534              	.LVL47:
 535              	.L30:
 360:Middlewares/ST/STM32_USB_Host_Library/Class/MSC/Src/usbh_msc_scsi.c ****     error = USBH_BUSY; 
 361:Middlewares/ST/STM32_USB_Host_Library/Class/MSC/Src/usbh_msc_scsi.c ****     break;
 362:Middlewares/ST/STM32_USB_Host_Library/Class/MSC/Src/usbh_msc_scsi.c ****     
 363:Middlewares/ST/STM32_USB_Host_Library/Class/MSC/Src/usbh_msc_scsi.c ****   case BOT_CMD_WAIT: 
 364:Middlewares/ST/STM32_USB_Host_Library/Class/MSC/Src/usbh_msc_scsi.c ****     error = USBH_MSC_BOT_Process(phost, lun);
 365:Middlewares/ST/STM32_USB_Host_Library/Class/MSC/Src/usbh_msc_scsi.c ****     break;
 366:Middlewares/ST/STM32_USB_Host_Library/Class/MSC/Src/usbh_msc_scsi.c ****     
 367:Middlewares/ST/STM32_USB_Host_Library/Class/MSC/Src/usbh_msc_scsi.c ****   default:
 368:Middlewares/ST/STM32_USB_Host_Library/Class/MSC/Src/usbh_msc_scsi.c ****     break;
 369:Middlewares/ST/STM32_USB_Host_Library/Class/MSC/Src/usbh_msc_scsi.c ****   }
 370:Middlewares/ST/STM32_USB_Host_Library/Class/MSC/Src/usbh_msc_scsi.c ****   
 371:Middlewares/ST/STM32_USB_Host_Library/Class/MSC/Src/usbh_msc_scsi.c ****   return error;
 372:Middlewares/ST/STM32_USB_Host_Library/Class/MSC/Src/usbh_msc_scsi.c **** }
 536              		.loc 1 372 0
 537 0084 02B0     		add	sp, sp, #8
 538              	.LCFI6:
 539              		.cfi_remember_state
 540              		.cfi_def_cfa_offset 8
 541              		@ sp needed
 542 0086 10BD     		pop	{r4, pc}
 543              	.LVL48:
 544              	.L32:
 545              	.LCFI7:
 546              		.cfi_restore_state
 364:Middlewares/ST/STM32_USB_Host_Library/Class/MSC/Src/usbh_msc_scsi.c ****     break;
 547              		.loc 1 364 0
 548 0088 FFF7FEFF 		bl	USBH_MSC_BOT_Process
 549              	.LVL49:
 365:Middlewares/ST/STM32_USB_Host_Library/Class/MSC/Src/usbh_msc_scsi.c ****     
 550              		.loc 1 365 0
 551 008c FAE7     		b	.L30
 552              		.cfi_endproc
 553              	.LFE133:
 555              		.section	.text.USBH_MSC_SCSI_Read,"ax",%progbits
 556              		.align	1
 557              		.global	USBH_MSC_SCSI_Read
 558              		.syntax unified
 559              		.thumb
 560              		.thumb_func
 561              		.fpu fpv4-sp-d16
 563              	USBH_MSC_SCSI_Read:
 564              	.LFB134:
 373:Middlewares/ST/STM32_USB_Host_Library/Class/MSC/Src/usbh_msc_scsi.c **** 
 374:Middlewares/ST/STM32_USB_Host_Library/Class/MSC/Src/usbh_msc_scsi.c **** /**
 375:Middlewares/ST/STM32_USB_Host_Library/Class/MSC/Src/usbh_msc_scsi.c ****   * @brief  USBH_MSC_SCSI_Read 
 376:Middlewares/ST/STM32_USB_Host_Library/Class/MSC/Src/usbh_msc_scsi.c ****   *         Issue Read10 command.
 377:Middlewares/ST/STM32_USB_Host_Library/Class/MSC/Src/usbh_msc_scsi.c ****   * @param  phost: Host handle
ARM GAS  C:\Users\Student\AppData\Local\Temp\ccQgYCxj.s 			page 18


 378:Middlewares/ST/STM32_USB_Host_Library/Class/MSC/Src/usbh_msc_scsi.c ****   * @param  lun: Logical Unit Number
 379:Middlewares/ST/STM32_USB_Host_Library/Class/MSC/Src/usbh_msc_scsi.c ****   * @param  address: sector address
 380:Middlewares/ST/STM32_USB_Host_Library/Class/MSC/Src/usbh_msc_scsi.c ****   * @param  pbuf: pointer to data
 381:Middlewares/ST/STM32_USB_Host_Library/Class/MSC/Src/usbh_msc_scsi.c ****   * @param  length: number of sector to read
 382:Middlewares/ST/STM32_USB_Host_Library/Class/MSC/Src/usbh_msc_scsi.c ****   * @retval USBH Status
 383:Middlewares/ST/STM32_USB_Host_Library/Class/MSC/Src/usbh_msc_scsi.c ****   */
 384:Middlewares/ST/STM32_USB_Host_Library/Class/MSC/Src/usbh_msc_scsi.c **** USBH_StatusTypeDef USBH_MSC_SCSI_Read(USBH_HandleTypeDef *phost,
 385:Middlewares/ST/STM32_USB_Host_Library/Class/MSC/Src/usbh_msc_scsi.c ****                                      uint8_t lun,
 386:Middlewares/ST/STM32_USB_Host_Library/Class/MSC/Src/usbh_msc_scsi.c ****                                      uint32_t address,
 387:Middlewares/ST/STM32_USB_Host_Library/Class/MSC/Src/usbh_msc_scsi.c ****                                      uint8_t *pbuf,
 388:Middlewares/ST/STM32_USB_Host_Library/Class/MSC/Src/usbh_msc_scsi.c ****                                      uint32_t length)
 389:Middlewares/ST/STM32_USB_Host_Library/Class/MSC/Src/usbh_msc_scsi.c **** {
 565              		.loc 1 389 0
 566              		.cfi_startproc
 567              		@ args = 4, pretend = 0, frame = 8
 568              		@ frame_needed = 0, uses_anonymous_args = 0
 569              	.LVL50:
 570 0000 10B5     		push	{r4, lr}
 571              	.LCFI8:
 572              		.cfi_def_cfa_offset 8
 573              		.cfi_offset 4, -8
 574              		.cfi_offset 14, -4
 575 0002 82B0     		sub	sp, sp, #8
 576              	.LCFI9:
 577              		.cfi_def_cfa_offset 16
 578 0004 0192     		str	r2, [sp, #4]
 579              	.LVL51:
 390:Middlewares/ST/STM32_USB_Host_Library/Class/MSC/Src/usbh_msc_scsi.c ****   USBH_StatusTypeDef    error = USBH_FAIL ;
 391:Middlewares/ST/STM32_USB_Host_Library/Class/MSC/Src/usbh_msc_scsi.c ****   MSC_HandleTypeDef *MSC_Handle = (MSC_HandleTypeDef *) phost->pActiveClass->pData;
 580              		.loc 1 391 0
 581 0006 D0F87423 		ldr	r2, [r0, #884]
 582              	.LVL52:
 583 000a D269     		ldr	r2, [r2, #28]
 584              	.LVL53:
 392:Middlewares/ST/STM32_USB_Host_Library/Class/MSC/Src/usbh_msc_scsi.c ****   
 393:Middlewares/ST/STM32_USB_Host_Library/Class/MSC/Src/usbh_msc_scsi.c ****   switch(MSC_Handle->hbot.cmd_state)
 585              		.loc 1 393 0
 586 000c 92F85240 		ldrb	r4, [r2, #82]	@ zero_extendqisi2
 587 0010 012C     		cmp	r4, #1
 588 0012 03D0     		beq	.L38
 589 0014 022C     		cmp	r4, #2
 590 0016 38D0     		beq	.L39
 390:Middlewares/ST/STM32_USB_Host_Library/Class/MSC/Src/usbh_msc_scsi.c ****   USBH_StatusTypeDef    error = USBH_FAIL ;
 591              		.loc 1 390 0
 592 0018 0220     		movs	r0, #2
 593              	.LVL54:
 594 001a 34E0     		b	.L37
 595              	.LVL55:
 596              	.L38:
 394:Middlewares/ST/STM32_USB_Host_Library/Class/MSC/Src/usbh_msc_scsi.c ****   {
 395:Middlewares/ST/STM32_USB_Host_Library/Class/MSC/Src/usbh_msc_scsi.c ****   case BOT_CMD_SEND:  
 396:Middlewares/ST/STM32_USB_Host_Library/Class/MSC/Src/usbh_msc_scsi.c ****     
 397:Middlewares/ST/STM32_USB_Host_Library/Class/MSC/Src/usbh_msc_scsi.c ****     /*Prepare the CBW and relevent field*/
 398:Middlewares/ST/STM32_USB_Host_Library/Class/MSC/Src/usbh_msc_scsi.c ****     MSC_Handle->hbot.cbw.field.DataTransferLength = length * 512;
 597              		.loc 1 398 0
 598 001c 0499     		ldr	r1, [sp, #16]
 599              	.LVL56:
ARM GAS  C:\Users\Student\AppData\Local\Temp\ccQgYCxj.s 			page 19


 600 001e 4902     		lsls	r1, r1, #9
 601 0020 D165     		str	r1, [r2, #92]
 399:Middlewares/ST/STM32_USB_Host_Library/Class/MSC/Src/usbh_msc_scsi.c ****     MSC_Handle->hbot.cbw.field.Flags = USB_EP_DIR_IN;
 602              		.loc 1 399 0
 603 0022 8021     		movs	r1, #128
 604 0024 82F86010 		strb	r1, [r2, #96]
 400:Middlewares/ST/STM32_USB_Host_Library/Class/MSC/Src/usbh_msc_scsi.c ****     MSC_Handle->hbot.cbw.field.CBLength = CBW_LENGTH;
 605              		.loc 1 400 0
 606 0028 0A21     		movs	r1, #10
 607 002a 82F86210 		strb	r1, [r2, #98]
 401:Middlewares/ST/STM32_USB_Host_Library/Class/MSC/Src/usbh_msc_scsi.c ****     
 402:Middlewares/ST/STM32_USB_Host_Library/Class/MSC/Src/usbh_msc_scsi.c ****     USBH_memset(MSC_Handle->hbot.cbw.field.CB, 0, CBW_CB_LENGTH);
 608              		.loc 1 402 0
 609 002e 0021     		movs	r1, #0
 610 0030 C2F86310 		str	r1, [r2, #99]	@ unaligned
 611              	.LVL57:
 612 0034 C2F86710 		str	r1, [r2, #103]	@ unaligned
 613 0038 C2F86B10 		str	r1, [r2, #107]	@ unaligned
 614 003c C2F86F10 		str	r1, [r2, #111]	@ unaligned
 403:Middlewares/ST/STM32_USB_Host_Library/Class/MSC/Src/usbh_msc_scsi.c ****     MSC_Handle->hbot.cbw.field.CB[0]  = OPCODE_READ10; 
 615              		.loc 1 403 0
 616 0040 2821     		movs	r1, #40
 617 0042 82F86310 		strb	r1, [r2, #99]
 404:Middlewares/ST/STM32_USB_Host_Library/Class/MSC/Src/usbh_msc_scsi.c ****     
 405:Middlewares/ST/STM32_USB_Host_Library/Class/MSC/Src/usbh_msc_scsi.c ****     /*logical block address*/
 406:Middlewares/ST/STM32_USB_Host_Library/Class/MSC/Src/usbh_msc_scsi.c ****     MSC_Handle->hbot.cbw.field.CB[2]  = (((uint8_t*)&address)[3]);
 618              		.loc 1 406 0
 619 0046 9DF80710 		ldrb	r1, [sp, #7]	@ zero_extendqisi2
 620 004a 82F86510 		strb	r1, [r2, #101]
 407:Middlewares/ST/STM32_USB_Host_Library/Class/MSC/Src/usbh_msc_scsi.c ****     MSC_Handle->hbot.cbw.field.CB[3]  = (((uint8_t*)&address)[2]);
 621              		.loc 1 407 0
 622 004e 9DF80610 		ldrb	r1, [sp, #6]	@ zero_extendqisi2
 623 0052 82F86610 		strb	r1, [r2, #102]
 408:Middlewares/ST/STM32_USB_Host_Library/Class/MSC/Src/usbh_msc_scsi.c ****     MSC_Handle->hbot.cbw.field.CB[4]  = (((uint8_t*)&address)[1]);
 624              		.loc 1 408 0
 625 0056 9DF80510 		ldrb	r1, [sp, #5]	@ zero_extendqisi2
 626 005a 82F86710 		strb	r1, [r2, #103]
 409:Middlewares/ST/STM32_USB_Host_Library/Class/MSC/Src/usbh_msc_scsi.c ****     MSC_Handle->hbot.cbw.field.CB[5]  = (((uint8_t*)&address)[0]);
 627              		.loc 1 409 0
 628 005e 9DF80410 		ldrb	r1, [sp, #4]	@ zero_extendqisi2
 629 0062 82F86810 		strb	r1, [r2, #104]
 410:Middlewares/ST/STM32_USB_Host_Library/Class/MSC/Src/usbh_msc_scsi.c ****     
 411:Middlewares/ST/STM32_USB_Host_Library/Class/MSC/Src/usbh_msc_scsi.c ****     
 412:Middlewares/ST/STM32_USB_Host_Library/Class/MSC/Src/usbh_msc_scsi.c ****     /*Transfer length */
 413:Middlewares/ST/STM32_USB_Host_Library/Class/MSC/Src/usbh_msc_scsi.c ****     MSC_Handle->hbot.cbw.field.CB[7]  = (((uint8_t *)&length)[1]) ; 
 630              		.loc 1 413 0
 631 0066 9DF81110 		ldrb	r1, [sp, #17]	@ zero_extendqisi2
 632 006a 82F86A10 		strb	r1, [r2, #106]
 414:Middlewares/ST/STM32_USB_Host_Library/Class/MSC/Src/usbh_msc_scsi.c ****     MSC_Handle->hbot.cbw.field.CB[8]  = (((uint8_t *)&length)[0]) ; 
 633              		.loc 1 414 0
 634 006e 9DF81010 		ldrb	r1, [sp, #16]	@ zero_extendqisi2
 635 0072 82F86B10 		strb	r1, [r2, #107]
 415:Middlewares/ST/STM32_USB_Host_Library/Class/MSC/Src/usbh_msc_scsi.c **** 
 416:Middlewares/ST/STM32_USB_Host_Library/Class/MSC/Src/usbh_msc_scsi.c ****     
 417:Middlewares/ST/STM32_USB_Host_Library/Class/MSC/Src/usbh_msc_scsi.c ****     MSC_Handle->hbot.state = BOT_SEND_CBW;
 636              		.loc 1 417 0
 637 0076 0120     		movs	r0, #1
ARM GAS  C:\Users\Student\AppData\Local\Temp\ccQgYCxj.s 			page 20


 638              	.LVL58:
 639 0078 82F85000 		strb	r0, [r2, #80]
 418:Middlewares/ST/STM32_USB_Host_Library/Class/MSC/Src/usbh_msc_scsi.c ****     MSC_Handle->hbot.cmd_state = BOT_CMD_WAIT;
 640              		.loc 1 418 0
 641 007c 0221     		movs	r1, #2
 642 007e 82F85210 		strb	r1, [r2, #82]
 419:Middlewares/ST/STM32_USB_Host_Library/Class/MSC/Src/usbh_msc_scsi.c ****     MSC_Handle->hbot.pbuf = pbuf;
 643              		.loc 1 419 0
 644 0082 C2F88C30 		str	r3, [r2, #140]
 645              	.LVL59:
 646              	.L37:
 420:Middlewares/ST/STM32_USB_Host_Library/Class/MSC/Src/usbh_msc_scsi.c ****     error = USBH_BUSY; 
 421:Middlewares/ST/STM32_USB_Host_Library/Class/MSC/Src/usbh_msc_scsi.c ****     break;
 422:Middlewares/ST/STM32_USB_Host_Library/Class/MSC/Src/usbh_msc_scsi.c ****     
 423:Middlewares/ST/STM32_USB_Host_Library/Class/MSC/Src/usbh_msc_scsi.c ****   case BOT_CMD_WAIT: 
 424:Middlewares/ST/STM32_USB_Host_Library/Class/MSC/Src/usbh_msc_scsi.c ****     error = USBH_MSC_BOT_Process(phost, lun);
 425:Middlewares/ST/STM32_USB_Host_Library/Class/MSC/Src/usbh_msc_scsi.c ****     break;
 426:Middlewares/ST/STM32_USB_Host_Library/Class/MSC/Src/usbh_msc_scsi.c ****     
 427:Middlewares/ST/STM32_USB_Host_Library/Class/MSC/Src/usbh_msc_scsi.c ****   default:
 428:Middlewares/ST/STM32_USB_Host_Library/Class/MSC/Src/usbh_msc_scsi.c ****     break;
 429:Middlewares/ST/STM32_USB_Host_Library/Class/MSC/Src/usbh_msc_scsi.c ****   }
 430:Middlewares/ST/STM32_USB_Host_Library/Class/MSC/Src/usbh_msc_scsi.c ****   
 431:Middlewares/ST/STM32_USB_Host_Library/Class/MSC/Src/usbh_msc_scsi.c ****   return error;
 432:Middlewares/ST/STM32_USB_Host_Library/Class/MSC/Src/usbh_msc_scsi.c **** }
 647              		.loc 1 432 0
 648 0086 02B0     		add	sp, sp, #8
 649              	.LCFI10:
 650              		.cfi_remember_state
 651              		.cfi_def_cfa_offset 8
 652              		@ sp needed
 653 0088 10BD     		pop	{r4, pc}
 654              	.LVL60:
 655              	.L39:
 656              	.LCFI11:
 657              		.cfi_restore_state
 424:Middlewares/ST/STM32_USB_Host_Library/Class/MSC/Src/usbh_msc_scsi.c ****     break;
 658              		.loc 1 424 0
 659 008a FFF7FEFF 		bl	USBH_MSC_BOT_Process
 660              	.LVL61:
 425:Middlewares/ST/STM32_USB_Host_Library/Class/MSC/Src/usbh_msc_scsi.c ****     
 661              		.loc 1 425 0
 662 008e FAE7     		b	.L37
 663              		.cfi_endproc
 664              	.LFE134:
 666              		.text
 667              	.Letext0:
 668              		.file 2 "c:\\gcc_toolchain\\6_2017-q1-update\\arm-none-eabi\\include\\machine\\_default_types.h"
 669              		.file 3 "c:\\gcc_toolchain\\6_2017-q1-update\\arm-none-eabi\\include\\sys\\lock.h"
 670              		.file 4 "c:\\gcc_toolchain\\6_2017-q1-update\\arm-none-eabi\\include\\sys\\_types.h"
 671              		.file 5 "c:\\gcc_toolchain\\6_2017-q1-update\\lib\\gcc\\arm-none-eabi\\6.3.1\\include\\stddef.h"
 672              		.file 6 "c:\\gcc_toolchain\\6_2017-q1-update\\arm-none-eabi\\include\\sys\\reent.h"
 673              		.file 7 "c:\\gcc_toolchain\\6_2017-q1-update\\arm-none-eabi\\include\\sys\\_stdint.h"
 674              		.file 8 "c:\\gcc_toolchain\\6_2017-q1-update\\arm-none-eabi\\include\\stdlib.h"
 675              		.file 9 "Drivers/CMSIS/Include/core_cm4.h"
 676              		.file 10 "Drivers/CMSIS/Device/ST/STM32F4xx/Include/system_stm32f4xx.h"
 677              		.file 11 "Middlewares/Third_Party/FreeRTOS/Source/include/task.h"
 678              		.file 12 "Middlewares/Third_Party/FreeRTOS/Source/include/queue.h"
ARM GAS  C:\Users\Student\AppData\Local\Temp\ccQgYCxj.s 			page 21


 679              		.file 13 "Middlewares/Third_Party/FreeRTOS/Source/CMSIS_RTOS/cmsis_os.h"
 680              		.file 14 "Middlewares/ST/STM32_USB_Host_Library/Core/Inc/usbh_def.h"
 681              		.file 15 "Middlewares/ST/STM32_USB_Host_Library/Core/Inc/usbh_ctlreq.h"
 682              		.file 16 "Middlewares/ST/STM32_USB_Host_Library/Class/MSC/Inc/usbh_msc_bot.h"
 683              		.file 17 "Middlewares/ST/STM32_USB_Host_Library/Class/MSC/Inc/usbh_msc_scsi.h"
 684              		.file 18 "Middlewares/ST/STM32_USB_Host_Library/Class/MSC/Inc/usbh_msc.h"
ARM GAS  C:\Users\Student\AppData\Local\Temp\ccQgYCxj.s 			page 22


DEFINED SYMBOLS
                            *ABS*:00000000 usbh_msc_scsi.c
C:\Users\Student\AppData\Local\Temp\ccQgYCxj.s:18     .text.USBH_MSC_SCSI_TestUnitReady:00000000 $t
C:\Users\Student\AppData\Local\Temp\ccQgYCxj.s:25     .text.USBH_MSC_SCSI_TestUnitReady:00000000 USBH_MSC_SCSI_TestUnitReady
C:\Users\Student\AppData\Local\Temp\ccQgYCxj.s:93     .text.USBH_MSC_SCSI_ReadCapacity:00000000 $t
C:\Users\Student\AppData\Local\Temp\ccQgYCxj.s:100    .text.USBH_MSC_SCSI_ReadCapacity:00000000 USBH_MSC_SCSI_ReadCapacity
C:\Users\Student\AppData\Local\Temp\ccQgYCxj.s:198    .text.USBH_MSC_SCSI_Inquiry:00000000 $t
C:\Users\Student\AppData\Local\Temp\ccQgYCxj.s:205    .text.USBH_MSC_SCSI_Inquiry:00000000 USBH_MSC_SCSI_Inquiry
C:\Users\Student\AppData\Local\Temp\ccQgYCxj.s:337    .text.USBH_MSC_SCSI_RequestSense:00000000 $t
C:\Users\Student\AppData\Local\Temp\ccQgYCxj.s:344    .text.USBH_MSC_SCSI_RequestSense:00000000 USBH_MSC_SCSI_RequestSense
C:\Users\Student\AppData\Local\Temp\ccQgYCxj.s:446    .text.USBH_MSC_SCSI_Write:00000000 $t
C:\Users\Student\AppData\Local\Temp\ccQgYCxj.s:453    .text.USBH_MSC_SCSI_Write:00000000 USBH_MSC_SCSI_Write
C:\Users\Student\AppData\Local\Temp\ccQgYCxj.s:556    .text.USBH_MSC_SCSI_Read:00000000 $t
C:\Users\Student\AppData\Local\Temp\ccQgYCxj.s:563    .text.USBH_MSC_SCSI_Read:00000000 USBH_MSC_SCSI_Read
                     .debug_frame:00000010 $d

UNDEFINED SYMBOLS
USBH_MSC_BOT_Process
memset
